Production Hardening Test Suite
================================
Started: 2025-07-31 01:06:07

2025-07-31 01:06:07 [INFO] ğŸš€ Starting App-Oint Production Hardening Test Suite
2025-07-31 01:06:07 [INFO] ğŸ¯ Running comprehensive production hardening validation...
2025-07-31 01:06:07 [INFO] ğŸ¥ Testing Health Monitoring...
2025-07-31 01:06:07 [ERROR] âŒ API Health Endpoint: FAILED - Could not reach API health endpoint
2025-07-31 01:06:07 [ERROR] âŒ API Liveness Probe: FAILED - Could not reach liveness endpoint
2025-07-31 01:06:07 [ERROR] âŒ API Readiness Probe: FAILED - Could not reach readiness endpoint
2025-07-31 01:06:07 [ERROR] âŒ API Metrics Endpoint: FAILED - Could not reach metrics endpoint
2025-07-31 01:06:07 [INFO] ğŸ“Š Testing Metrics Collection...
2025-07-31 01:06:07 [ERROR] âŒ Prometheus Configuration: FAILED - Prometheus configuration missing App-Oint targets
2025-07-31 01:06:07 [INFO] âœ… Alerting Rules: PASSED
2025-07-31 01:06:07 [INFO] âœ… Grafana Dashboard: PASSED
2025-07-31 01:06:07 [INFO] ğŸš¨ Testing Alerting System...
2025-07-31 01:06:07 [INFO] âœ… Alertmanager Configuration: PASSED
2025-07-31 01:06:07 [INFO] âœ… Alertmanager Service: PASSED
2025-07-31 01:06:07 [INFO] ğŸ”„ Testing Auto-Rollback Mechanism...
2025-07-31 01:06:07 [INFO] âœ… Auto-Rollback Script: PASSED
2025-07-31 01:06:07 [INFO] âœ… Auto-Rollback Permissions: PASSED
2025-07-31 01:06:07 [INFO] âš¡ Testing Load Testing Setup...
2025-07-31 01:06:07 [ERROR] âŒ k6 Load Test Script: FAILED - k6 script not configured for required load
2025-07-31 01:06:07 [INFO] âœ… Load Test Runner: PASSED
2025-07-31 01:06:07 [ERROR] âŒ k6 Availability: FAILED - k6 not installed (optional for this test)
2025-07-31 01:06:07 [INFO] ğŸ“ˆ Testing Auto-Scaling Configuration...
2025-07-31 01:06:07 [INFO] âœ… Kubernetes HPA: PASSED
2025-07-31 01:06:07 [INFO] âœ… DigitalOcean Auto-Scaling: PASSED
2025-07-31 01:06:07 [INFO] âœ… Auto-Scaling Monitor: PASSED
2025-07-31 01:06:07 [INFO] ğŸ“± Testing Flutter Health Service...
2025-07-31 01:06:07 [INFO] âœ… Flutter Health Service: PASSED
2025-07-31 01:06:07 [INFO] ğŸ³ Testing Docker Configuration...
2025-07-31 01:06:07 [INFO] âœ… Docker Compose Monitoring: PASSED
2025-07-31 01:06:07 [INFO] âœ… Docker Health Checks: PASSED
2025-07-31 01:06:07 [INFO] âš™ï¸ Testing Configuration Files...
2025-07-31 01:06:07 [INFO] âœ… Prometheus configuration: PASSED
2025-07-31 01:06:07 [INFO] âœ… Alerting rules: PASSED
2025-07-31 01:06:07 [INFO] âœ… Alertmanager configuration: PASSED
2025-07-31 01:06:07 [INFO] âœ… Kubernetes HPA configuration: PASSED
2025-07-31 01:06:07 [INFO] âœ… DigitalOcean App Platform configuration: PASSED
2025-07-31 01:06:07 [INFO] âœ… Docker Compose configuration: PASSED
2025-07-31 01:06:07 [INFO] ğŸ” Testing Script Permissions...
2025-07-31 01:06:07 [INFO] âœ… Auto-rollback script Permissions: PASSED
2025-07-31 01:06:07 [INFO] âœ… Auto-scaling monitor script Permissions: PASSED
2025-07-31 01:06:07 [INFO] âœ… Load test runner script Permissions: PASSED
2025-07-31 01:06:07 [INFO] ğŸ“„ Generating comprehensive test report...
2025-07-31 01:06:07 [INFO] ğŸ“„ Comprehensive report generated: production-hardening-report-20250731_010607.md
2025-07-31 01:06:07 [INFO] ğŸ“Š Test Summary:
2025-07-31 01:06:07 [INFO]    Total Tests: 29
2025-07-31 01:06:07 [INFO]    Passed: 22
2025-07-31 01:06:07 [INFO]    Failed: 7
2025-07-31 01:06:07 [INFO]    Success Rate: 75%
2025-07-31 01:06:07 [WARN] âš ï¸ Some components need attention. See report for details.
