SF:lib/features/booking/screens/chat_booking_screen.dart
DA:6,2
DA:8,1
LF:2
LH:2
end_of_record
SF:lib/features/booking/services/booking_service.dart
DA:6,0
DA:7,0
DA:14,1
DA:15,0
DA:18,0
DA:20,0
DA:21,0
DA:23,0
DA:24,0
DA:30,0
DA:31,0
DA:32,0
DA:33,0
DA:34,0
DA:38,0
DA:40,0
DA:41,0
DA:42,0
DA:44,0
DA:50,0
DA:52,0
DA:53,0
DA:54,0
DA:55,0
DA:56,0
DA:58,0
DA:60,0
DA:61,0
DA:62,0
DA:67,0
DA:69,0
DA:71,0
LF:32
LH:1
end_of_record
SF:lib/models/booking.dart
DA:24,0
DA:25,0
LF:2
LH:0
end_of_record
SF:lib/models/booking.g.dart
DA:9,0
DA:10,0
DA:11,0
DA:12,0
DA:13,0
DA:14,0
DA:15,0
DA:16,0
DA:17,0
DA:18,0
DA:19,0
DA:20,0
DA:21,0
DA:24,0
DA:25,0
DA:26,0
DA:27,0
DA:28,0
DA:29,0
DA:30,0
DA:31,0
DA:32,0
DA:33,0
DA:34,0
DA:35,0
DA:36,0
DA:39,0
DA:43,0
DA:45,0
DA:49,0
LF:30
LH:0
end_of_record
SF:lib/utils/datetime_converter.dart
DA:6,20
DA:8,1
DA:9,1
DA:11,1
DA:12,1
LF:5
LH:5
end_of_record
SF:lib/models/appointment.dart
DA:24,1
DA:35,1
DA:36,1
DA:38,2
LF:4
LH:4
end_of_record
SF:lib/models/appointment.g.dart
DA:9,2
DA:10,1
DA:11,1
DA:12,1
DA:14,2
DA:15,2
DA:16,1
DA:17,1
DA:19,0
DA:20,2
DA:24,1
DA:25,1
DA:26,1
DA:27,1
DA:28,1
DA:29,2
DA:30,2
DA:31,1
DA:32,1
DA:33,2
LF:20
LH:19
end_of_record
SF:lib/models/contact.dart
DA:15,0
DA:16,0
DA:20,0
DA:21,0
LF:4
LH:0
end_of_record
SF:lib/models/contact.g.dart
DA:9,0
DA:10,0
DA:11,0
DA:12,0
DA:13,0
DA:14,0
DA:17,0
DA:18,0
DA:19,0
DA:20,0
DA:21,0
DA:22,0
LF:12
LH:0
end_of_record
SF:lib/models/invite.dart
DA:17,0
DA:26,0
DA:28,0
LF:3
LH:0
end_of_record
SF:lib/models/invite.g.dart
DA:9,0
DA:10,0
DA:11,0
DA:12,0
DA:14,0
DA:15,0
DA:16,0
DA:19,0
DA:20,0
DA:21,0
DA:22,0
DA:23,0
DA:24,0
DA:25,0
LF:14
LH:0
end_of_record
SF:lib/features/booking/widgets/chat_flow_widget.dart
DA:7,2
DA:9,1
DA:10,1
DA:17,1
DA:19,4
DA:20,1
DA:21,1
DA:22,1
DA:23,1
DA:24,1
DA:25,1
DA:26,1
DA:27,1
DA:28,1
DA:29,1
DA:30,1
DA:32,1
DA:33,1
DA:36,1
DA:37,3
DA:38,1
DA:40,1
DA:41,1
DA:42,1
DA:43,1
DA:54,1
DA:56,1
DA:57,1
DA:58,1
DA:59,1
DA:60,1
DA:65,0
DA:69,1
DA:71,1
DA:81,1
DA:82,3
DA:83,1
DA:84,5
DA:85,2
DA:87,3
DA:88,2
DA:89,2
DA:90,3
DA:98,1
DA:100,2
DA:101,2
DA:102,1
LF:47
LH:46
end_of_record
SF:lib/providers/booking_draft_provider.dart
DA:7,1
DA:18,1
DA:24,1
DA:26,1
DA:33,1
DA:34,1
DA:35,1
DA:36,1
DA:37,1
DA:38,2
DA:44,3
DA:46,1
DA:49,1
DA:50,3
DA:51,1
DA:52,2
DA:53,1
DA:56,1
DA:59,1
DA:60,3
DA:61,1
DA:62,2
DA:63,1
DA:68,1
DA:69,2
DA:70,3
DA:71,1
DA:72,0
DA:76,0
DA:81,0
DA:82,0
DA:84,0
DA:87,0
DA:89,0
DA:90,0
DA:91,0
DA:92,0
DA:93,0
DA:94,0
DA:95,0
DA:96,0
DA:97,0
DA:99,0
DA:101,0
DA:102,0
DA:107,0
DA:108,0
DA:110,0
DA:113,0
DA:120,2
DA:121,1
DA:122,2
LF:52
LH:30
end_of_record
SF:lib/features/auth/login_screen.dart
DA:7,2
DA:9,1
DA:10,1
DA:17,1
DA:19,2
DA:20,2
DA:21,1
DA:24,1
DA:26,1
DA:27,1
DA:28,1
DA:30,1
DA:31,1
DA:32,1
DA:33,1
DA:36,1
DA:37,1
DA:42,1
DA:43,1
DA:44,3
DA:45,0
DA:46,0
DA:50,0
LF:23
LH:20
end_of_record
SF:lib/core/auth_service.dart
DA:6,0
DA:7,0
DA:10,0
DA:11,0
DA:14,0
DA:15,0
LF:6
LH:0
end_of_record
SF:lib/providers/auth_provider.dart
DA:5,5
DA:7,0
DA:8,0
DA:11,0
DA:12,0
LF:5
LH:1
end_of_record
SF:lib/features/business/screens/business_dashboard_screen.dart
DA:5,1
DA:7,1
DA:9,1
DA:10,1
LF:4
LH:4
end_of_record
SF:lib/models/family_link.dart
DA:9,1
DA:18,2
DA:19,1
DA:20,1
DA:21,1
DA:22,1
DA:23,2
DA:24,1
DA:25,1
DA:26,1
DA:29,2
DA:30,1
DA:31,1
DA:32,1
DA:33,1
DA:34,2
DA:35,3
LF:17
LH:17
end_of_record
SF:lib/models/permission.dart
DA:7,0
DA:14,0
DA:15,0
DA:16,0
DA:17,0
DA:18,0
DA:21,0
DA:22,0
DA:23,0
DA:24,0
DA:25,0
LF:11
LH:0
end_of_record
SF:lib/models/privacy_request.dart
DA:8,0
DA:16,0
DA:17,0
DA:18,0
DA:19,0
DA:20,0
DA:21,0
DA:24,0
DA:25,0
DA:26,0
DA:27,0
DA:28,0
DA:29,0
LF:13
LH:0
end_of_record
SF:lib/services/family_service.dart
DA:14,1
DA:15,0
DA:16,1
DA:18,0
DA:19,0
DA:20,0
DA:21,0
DA:22,0
DA:25,0
DA:26,0
DA:27,0
DA:29,0
DA:35,0
DA:36,0
DA:37,0
DA:38,0
DA:41,0
DA:42,0
DA:43,0
DA:45,0
DA:49,0
DA:50,0
DA:51,0
DA:52,0
DA:53,0
DA:56,0
DA:57,0
DA:60,0
DA:65,0
DA:66,0
DA:67,0
DA:68,0
DA:69,0
DA:72,0
DA:73,0
DA:76,0
DA:81,0
DA:84,0
DA:87,0
DA:92,0
DA:96,0
DA:97,0
DA:98,0
DA:99,0
DA:100,0
DA:104,0
DA:105,0
DA:106,0
DA:107,0
DA:108,0
DA:111,0
DA:112,0
DA:113,0
DA:114,0
DA:116,0
DA:118,0
DA:122,0
DA:124,0
DA:125,0
DA:126,0
DA:127,0
DA:130,0
DA:131,0
DA:132,0
DA:133,0
DA:134,0
DA:138,0
DA:139,0
DA:140,0
DA:141,0
DA:142,0
DA:145,0
DA:146,0
DA:150,0
DA:151,0
DA:152,0
DA:153,0
DA:154,0
DA:157,0
DA:158,0
DA:159,0
DA:162,0
DA:169,0
DA:173,0
DA:174,0
DA:175,0
DA:176,0
DA:179,0
DA:180,0
DA:183,0
DA:189,0
DA:190,0
DA:191,0
DA:192,0
DA:195,0
DA:196,0
DA:199,0
LF:97
LH:2
end_of_record
SF:lib/providers/family_provider.dart
DA:8,0
DA:17,0
DA:24,0
DA:30,0
DA:31,0
DA:32,0
DA:33,0
DA:44,0
DA:45,0
DA:46,0
DA:50,0
DA:51,0
DA:53,0
DA:54,0
DA:56,0
DA:57,0
DA:60,0
DA:62,0
DA:68,0
DA:70,0
DA:71,0
DA:73,0
DA:78,0
DA:80,0
DA:83,0
DA:89,0
DA:90,0
DA:91,0
DA:92,0
DA:97,0
DA:98,0
DA:99,0
DA:100,0
DA:103,0
DA:104,0
DA:105,0
DA:106,0
DA:108,0
DA:109,0
DA:110,0
DA:111,0
DA:113,0
DA:114,0
LF:43
LH:0
end_of_record
SF:lib/models/admin_broadcast_message.dart
DA:46,1
DA:47,1
DA:66,1
DA:67,1
LF:4
LH:4
end_of_record
SF:lib/models/admin_broadcast_message.g.dart
DA:9,1
DA:11,1
DA:12,1
DA:13,1
DA:14,1
DA:15,2
DA:16,1
DA:17,1
DA:18,1
DA:19,1
DA:20,0
DA:21,0
DA:22,1
DA:23,1
DA:24,1
DA:25,1
DA:26,2
DA:27,1
DA:29,0
DA:30,2
DA:31,1
DA:32,1
DA:33,1
DA:34,1
DA:35,1
DA:36,0
DA:38,1
DA:39,0
DA:40,0
DA:41,1
DA:44,1
DA:46,1
DA:47,1
DA:48,1
DA:49,1
DA:50,2
DA:51,1
DA:52,1
DA:53,1
DA:54,1
DA:55,2
DA:56,1
DA:57,1
DA:58,2
DA:59,1
DA:60,2
DA:61,1
DA:62,1
DA:63,1
DA:64,1
DA:65,1
DA:66,1
DA:67,1
DA:84,1
DA:86,1
DA:87,1
DA:88,2
DA:89,1
DA:91,1
DA:92,1
DA:93,1
DA:94,1
DA:95,0
DA:96,0
DA:97,1
DA:98,0
DA:99,0
DA:100,1
DA:101,0
DA:102,0
DA:103,1
DA:104,0
DA:105,0
DA:106,1
DA:108,0
DA:109,1
DA:111,0
DA:112,1
DA:113,2
DA:114,1
DA:117,1
DA:119,1
DA:120,1
DA:121,1
DA:122,1
DA:123,1
DA:124,1
DA:125,1
DA:126,1
DA:127,1
DA:128,1
DA:129,1
DA:130,1
LF:93
LH:77
end_of_record
SF:lib/providers/otp_provider.dart
DA:11,0
DA:13,0
DA:14,0
DA:16,0
DA:17,0
DA:19,0
DA:23,0
DA:24,0
DA:26,0
DA:27,0
DA:28,0
DA:30,0
DA:33,0
DA:38,0
DA:39,0
DA:40,0
LF:16
LH:0
end_of_record
SF:lib/services/whatsapp_share_service.dart
DA:17,1
DA:18,0
DA:19,0
DA:22,0
DA:30,0
DA:38,0
DA:47,0
DA:49,0
DA:54,0
DA:64,0
DA:72,0
DA:73,0
DA:76,0
DA:77,0
DA:80,0
DA:83,0
DA:85,0
DA:95,0
DA:101,0
DA:105,0
DA:111,0
DA:113,0
DA:114,0
DA:115,0
DA:116,0
DA:118,0
DA:119,0
DA:123,0
DA:129,0
DA:136,0
DA:140,0
DA:143,0
DA:146,0
DA:147,0
DA:148,0
DA:149,0
DA:151,0
DA:156,0
DA:158,0
DA:159,0
DA:160,0
DA:163,0
DA:168,0
DA:175,0
DA:178,0
DA:184,0
DA:186,0
DA:191,0
DA:193,0
DA:194,0
DA:195,0
DA:196,0
DA:197,0
DA:198,0
DA:199,0
DA:202,0
DA:204,0
DA:214,0
DA:218,0
DA:225,0
DA:230,0
DA:233,0
DA:234,0
DA:235,0
DA:236,0
DA:237,0
DA:238,0
DA:240,0
DA:241,0
DA:242,0
DA:243,0
DA:244,0
DA:248,0
DA:253,0
DA:255,0
DA:256,0
DA:257,0
DA:258,0
DA:260,0
DA:261,0
DA:262,0
DA:264,0
DA:265,0
DA:267,0
DA:269,0
DA:271,0
DA:272,0
DA:275,0
DA:276,0
LF:89
LH:1
end_of_record
SF:lib/models/smart_share_link.dart
DA:17,0
DA:18,0
DA:33,0
DA:34,0
DA:49,0
DA:50,0
LF:6
LH:0
end_of_record
SF:lib/models/smart_share_link.g.dart
DA:9,0
DA:10,0
DA:11,0
DA:12,0
DA:13,0
DA:14,0
DA:15,0
DA:17,0
DA:18,0
DA:21,0
DA:23,0
DA:24,0
DA:25,0
DA:26,0
DA:27,0
DA:28,0
DA:29,0
DA:32,0
DA:34,0
DA:35,0
DA:36,0
DA:37,0
DA:38,0
DA:39,0
DA:40,0
DA:41,0
DA:43,0
DA:46,0
DA:48,0
DA:49,0
DA:50,0
DA:51,0
DA:52,0
DA:53,0
DA:54,0
DA:55,0
DA:58,0
DA:59,0
DA:60,0
DA:61,0
DA:62,0
DA:63,0
DA:64,0
DA:65,0
DA:66,0
DA:68,0
DA:71,0
DA:73,0
DA:74,0
DA:75,0
DA:76,0
DA:77,0
DA:78,0
DA:79,0
DA:80,0
LF:55
LH:0
end_of_record
SF:lib/services/custom_deep_link_service.dart
DA:14,0
DA:15,0
DA:19,0
DA:22,0
DA:24,0
DA:28,0
DA:29,0
DA:31,0
DA:34,0
DA:35,0
DA:40,0
DA:41,0
DA:43,0
DA:46,0
DA:47,0
DA:51,0
DA:56,0
DA:58,0
DA:61,0
DA:64,0
DA:65,0
DA:67,0
DA:68,0
DA:69,0
DA:70,0
DA:71,0
DA:72,0
DA:73,0
DA:74,0
DA:77,0
DA:81,0
DA:82,0
DA:83,0
DA:84,0
DA:87,0
DA:88,0
DA:89,0
DA:90,0
DA:94,0
DA:98,0
DA:103,0
DA:109,0
DA:110,0
DA:112,0
DA:120,0
DA:125,0
DA:126,0
DA:127,0
DA:129,0
DA:132,0
DA:137,0
DA:138,0
DA:139,0
DA:141,0
DA:144,0
DA:149,0
DA:157,0
DA:162,0
DA:166,0
DA:169,0
DA:170,0
DA:171,0
DA:174,0
DA:177,0
DA:186,0
DA:188,0
DA:193,0
DA:204,0
DA:210,0
DA:211,0
DA:212,0
LF:71
LH:0
end_of_record
SF:lib/features/admin/admin_broadcast_screen.dart
DA:13,1
DA:15,0
DA:17,0
DA:38,0
DA:40,0
DA:41,0
DA:42,0
DA:43,0
DA:46,0
DA:48,0
DA:49,0
DA:50,0
DA:52,0
DA:53,0
DA:54,0
DA:55,0
DA:56,0
DA:58,0
DA:62,0
DA:63,0
DA:105,0
DA:106,0
DA:107,0
DA:108,0
DA:111,0
DA:112,0
DA:113,0
DA:115,0
DA:130,0
DA:131,0
DA:145,0
DA:146,0
DA:148,0
DA:149,0
DA:150,0
DA:154,0
DA:156,0
DA:157,0
DA:158,0
DA:159,0
DA:161,0
DA:163,0
DA:165,0
DA:166,0
DA:167,0
DA:168,0
DA:169,0
DA:170,0
DA:171,0
DA:174,0
DA:178,0
DA:179,0
DA:184,0
DA:185,0
DA:186,0
DA:188,0
DA:189,0
DA:190,0
DA:191,0
DA:193,0
DA:194,0
DA:195,0
DA:196,0
DA:198,0
DA:199,0
DA:200,0
DA:201,0
DA:203,0
DA:204,0
DA:205,0
DA:206,0
DA:208,0
DA:209,0
DA:211,0
DA:212,0
DA:213,0
DA:214,0
DA:215,0
DA:217,0
DA:218,0
DA:219,0
DA:231,0
DA:236,0
DA:240,0
DA:244,0
DA:250,0
DA:251,0
DA:252,0
DA:253,0
DA:257,0
DA:258,0
DA:261,0
DA:262,0
DA:263,0
DA:265,0
DA:266,0
DA:267,0
DA:274,0
DA:275,0
DA:276,0
DA:277,0
DA:278,0
DA:280,0
DA:282,0
DA:283,0
DA:284,0
DA:285,0
DA:287,0
DA:288,0
DA:289,0
DA:295,0
DA:296,0
DA:297,0
DA:298,0
DA:303,0
DA:304,0
DA:305,0
DA:306,0
DA:314,0
DA:315,0
DA:317,0
DA:318,0
DA:319,0
DA:320,0
DA:322,0
DA:323,0
DA:324,0
DA:329,0
DA:330,0
DA:337,0
DA:338,0
DA:343,0
DA:344,0
DA:346,0
DA:348,0
DA:349,0
DA:350,0
DA:351,0
DA:356,0
DA:357,0
DA:363,0
DA:364,0
DA:372,0
DA:373,0
DA:374,0
DA:376,0
DA:377,0
DA:378,0
DA:379,0
DA:380,0
DA:382,0
DA:386,0
DA:387,0
DA:388,0
DA:390,0
DA:396,0
DA:399,0
DA:400,0
DA:401,0
DA:404,0
DA:405,0
DA:406,0
DA:410,0
DA:411,0
DA:417,0
DA:418,0
DA:419,0
DA:420,0
DA:427,0
DA:428,0
DA:429,0
DA:432,0
DA:433,0
DA:434,0
DA:438,0
DA:439,0
DA:445,0
DA:448,0
DA:449,0
DA:450,0
DA:462,0
DA:463,0
DA:464,0
DA:469,0
DA:470,0
DA:476,0
DA:478,0
DA:479,0
DA:480,0
DA:482,0
DA:483,0
DA:484,0
DA:487,0
DA:488,0
DA:494,0
DA:495,0
DA:496,0
DA:497,0
DA:498,0
DA:500,0
DA:501,0
DA:502,0
DA:511,0
DA:512,0
DA:514,0
DA:515,0
DA:516,0
DA:518,0
DA:523,0
DA:524,0
DA:525,0
DA:526,0
DA:528,0
DA:531,0
DA:536,0
DA:541,0
DA:542,0
DA:543,0
DA:544,0
DA:546,0
DA:549,0
DA:554,0
DA:559,0
DA:560,0
DA:561,0
DA:562,0
DA:564,0
DA:567,0
DA:572,0
DA:577,0
DA:578,0
DA:579,0
DA:580,0
DA:582,0
DA:585,0
DA:592,0
DA:593,0
DA:595,0
DA:596,0
DA:597,0
DA:598,0
DA:599,0
DA:600,0
DA:601,0
DA:602,0
DA:604,0
DA:606,0
DA:607,0
DA:608,0
DA:618,0
DA:619,0
DA:620,0
DA:621,0
DA:622,0
DA:623,0
DA:627,0
DA:628,0
DA:629,0
DA:633,0
DA:634,0
DA:635,0
DA:641,0
DA:642,0
DA:643,0
DA:644,0
DA:645,0
DA:646,0
DA:647,0
DA:653,0
DA:654,0
DA:655,0
DA:656,0
DA:659,0
DA:660,0
DA:666,0
DA:668,0
DA:676,0
DA:677,0
DA:678,0
DA:682,0
DA:683,0
DA:688,0
DA:690,0
DA:696,0
DA:697,0
DA:698,0
DA:702,0
DA:703,0
DA:708,0
DA:710,0
DA:711,0
DA:713,0
DA:715,0
DA:719,0
DA:720,0
DA:721,0
DA:722,0
DA:726,0
DA:727,0
DA:729,0
DA:732,0
DA:734,0
DA:735,0
DA:736,0
DA:744,0
DA:747,0
DA:754,0
DA:755,0
DA:756,0
DA:757,0
DA:758,0
DA:762,0
DA:763,0
DA:764,0
DA:765,0
DA:766,0
DA:770,0
DA:772,0
DA:773,0
DA:774,0
DA:777,0
DA:778,0
DA:780,0
DA:781,0
DA:783,0
DA:784,0
DA:785,0
DA:786,0
DA:787,0
DA:788,0
DA:789,0
DA:790,0
DA:791,0
DA:792,0
DA:793,0
DA:797,0
DA:800,0
DA:801,0
DA:804,0
DA:805,0
DA:806,0
DA:807,0
DA:809,0
DA:810,0
DA:811,0
DA:814,0
DA:815,0
DA:820,0
DA:821,0
DA:824,0
DA:825,0
DA:826,0
DA:827,0
DA:830,0
DA:831,0
DA:836,0
DA:837,0
DA:839,0
DA:840,0
DA:841,0
DA:842,0
DA:843,0
DA:844,0
DA:847,0
DA:848,0
DA:850,0
DA:851,0
DA:855,0
DA:857,0
DA:858,0
DA:859,0
DA:860,0
DA:864,0
DA:865,0
DA:868,0
DA:877,0
DA:881,0
DA:883,0
DA:886,0
DA:887,0
DA:888,0
DA:895,0
DA:896,0
DA:897,0
DA:899,0
DA:900,0
DA:902,0
DA:903,0
DA:904,0
DA:905,0
DA:906,0
DA:907,0
DA:908,0
DA:909,0
DA:910,0
DA:911,0
DA:912,0
DA:913,0
DA:917,0
DA:918,0
DA:919,0
DA:920,0
DA:927,0
DA:928,0
LF:404
LH:1
end_of_record
SF:lib/l10n/app_localizations.dart
DA:95,0
DA:96,0
DA:100,0
DA:101,0
DA:1250,6
DA:1252,0
DA:1254,0
DA:1257,0
DA:1258,0
DA:1291,0
DA:1293,0
DA:1297,0
DA:1299,0
DA:1300,0
DA:1301,0
DA:1302,0
DA:1303,0
DA:1304,0
DA:1305,0
DA:1306,0
DA:1307,0
DA:1308,0
DA:1309,0
DA:1310,0
DA:1311,0
DA:1312,0
DA:1313,0
DA:1314,0
DA:1315,0
DA:1316,0
DA:1317,0
DA:1318,0
DA:1319,0
DA:1320,0
DA:1321,0
DA:1322,0
DA:1323,0
DA:1324,0
DA:1325,0
DA:1326,0
DA:1327,0
DA:1328,0
DA:1329,0
DA:1330,0
DA:1331,0
DA:1332,0
DA:1333,0
DA:1334,0
DA:1335,0
DA:1336,0
DA:1337,0
DA:1338,0
DA:1339,0
DA:1340,0
DA:1341,0
DA:1342,0
DA:1343,0
DA:1344,0
DA:1345,0
DA:1346,0
DA:1347,0
DA:1348,0
DA:1349,0
DA:1350,0
DA:1351,0
DA:1352,0
DA:1353,0
DA:1354,0
DA:1355,0
DA:1356,0
DA:1357,0
DA:1358,0
DA:1359,0
DA:1360,0
DA:1361,0
DA:1362,0
DA:1363,0
DA:1366,0
LF:78
LH:1
end_of_record
SF:lib/services/broadcast_service.dart
DA:9,2
DA:10,0
DA:13,0
DA:14,0
DA:16,0
DA:17,0
DA:20,0
DA:22,0
DA:23,0
DA:25,0
DA:30,0
DA:31,0
DA:32,0
DA:33,0
DA:34,0
DA:35,0
DA:36,0
DA:37,0
DA:39,0
DA:43,0
DA:45,0
DA:46,0
DA:47,0
DA:48,0
DA:49,0
DA:54,0
DA:59,0
DA:61,0
DA:64,0
DA:65,0
DA:68,0
DA:69,0
DA:72,0
DA:73,0
DA:75,0
DA:78,0
DA:79,0
DA:82,0
DA:83,0
DA:84,0
DA:87,0
DA:88,0
DA:89,0
DA:92,0
DA:94,0
DA:97,0
DA:98,0
DA:100,0
DA:105,0
DA:107,0
DA:109,0
DA:113,0
DA:116,0
DA:117,0
DA:118,0
DA:122,0
DA:123,0
DA:127,0
DA:128,0
DA:129,0
DA:131,0
DA:136,0
DA:139,0
DA:142,0
DA:143,0
DA:146,0
DA:147,0
DA:150,0
DA:151,0
DA:153,0
DA:156,0
DA:157,0
DA:160,0
DA:161,0
DA:162,0
DA:165,0
DA:166,0
DA:167,0
DA:170,0
DA:172,0
DA:175,0
DA:176,0
DA:177,0
DA:178,0
DA:179,0
DA:181,0
DA:183,0
DA:188,0
DA:192,0
DA:193,0
DA:196,0
DA:200,0
DA:201,0
DA:202,0
DA:203,0
DA:205,0
DA:207,0
DA:208,0
DA:209,0
DA:210,0
DA:211,0
DA:212,0
DA:219,0
DA:221,0
DA:227,0
DA:234,0
DA:237,0
DA:241,0
DA:245,0
DA:248,0
DA:250,0
DA:255,0
DA:257,0
DA:259,0
DA:265,0
DA:266,0
DA:270,0
DA:271,0
DA:272,0
DA:273,0
LF:120
LH:1
end_of_record
SF:lib/providers/admin_provider.dart
DA:9,0
DA:12,4
DA:13,1
DA:17,0
DA:18,0
DA:24,0
DA:25,0
DA:28,0
DA:29,0
DA:32,0
DA:33,0
LF:11
LH:2
end_of_record
SF:lib/l10n/app_localizations_ar.dart
DA:9,0
DA:11,0
DA:14,0
DA:17,0
DA:20,0
DA:23,0
DA:26,0
DA:29,0
DA:32,0
DA:35,0
DA:38,0
DA:41,0
DA:44,0
DA:47,0
DA:50,0
DA:53,0
DA:56,0
DA:59,0
DA:62,0
DA:65,0
DA:68,0
DA:71,0
DA:74,0
DA:77,0
DA:80,0
DA:82,0
DA:85,0
DA:88,0
DA:91,0
DA:94,0
DA:97,0
DA:100,0
DA:102,0
DA:105,0
DA:108,0
DA:111,0
DA:115,0
DA:118,0
DA:122,0
DA:125,0
DA:128,0
DA:131,0
DA:134,0
DA:138,0
DA:142,0
DA:145,0
DA:148,0
DA:151,0
DA:154,0
DA:157,0
DA:160,0
DA:163,0
DA:166,0
DA:169,0
DA:172,0
DA:175,0
DA:178,0
DA:181,0
DA:184,0
DA:187,0
DA:190,0
DA:193,0
DA:196,0
DA:199,0
DA:202,0
DA:205,0
DA:207,0
DA:210,0
DA:213,0
DA:217,0
DA:220,0
DA:223,0
DA:226,0
DA:229,0
DA:233,0
DA:235,0
DA:238,0
DA:241,0
DA:244,0
DA:247,0
DA:250,0
DA:253,0
DA:256,0
DA:259,0
DA:262,0
DA:265,0
DA:268,0
DA:271,0
DA:273,0
DA:276,0
DA:279,0
DA:283,0
DA:285,0
DA:288,0
DA:291,0
DA:295,0
DA:298,0
DA:301,0
DA:305,0
DA:308,0
DA:311,0
DA:315,0
DA:317,0
DA:320,0
DA:323,0
DA:327,0
DA:330,0
DA:333,0
DA:335,0
DA:338,0
DA:341,0
DA:344,0
DA:348,0
DA:352,0
DA:354,0
DA:357,0
DA:360,0
DA:363,0
DA:366,0
DA:369,0
DA:372,0
DA:375,0
DA:378,0
DA:380,0
DA:383,0
DA:386,0
DA:389,0
DA:392,0
DA:395,0
DA:398,0
DA:401,0
DA:404,0
DA:406,0
DA:409,0
DA:411,0
DA:414,0
DA:416,0
DA:419,0
DA:423,0
DA:426,0
DA:428,0
DA:431,0
DA:434,0
DA:436,0
DA:439,0
DA:441,0
DA:444,0
DA:446,0
DA:449,0
DA:451,0
DA:454,0
DA:456,0
DA:459,0
DA:461,0
DA:464,0
DA:466,0
DA:469,0
DA:471,0
DA:474,0
DA:476,0
DA:479,0
DA:481,0
DA:484,0
DA:487,0
DA:490,0
DA:493,0
DA:495,0
DA:498,0
DA:501,0
DA:504,0
DA:507,0
DA:510,0
DA:513,0
DA:516,0
DA:519,0
DA:522,0
DA:524,0
DA:527,0
DA:529,0
DA:532,0
DA:534,0
DA:537,0
DA:539,0
DA:542,0
DA:545,0
DA:547,0
DA:550,0
DA:552,0
DA:555,0
DA:557,0
DA:560,0
DA:562,0
DA:565,0
DA:568,0
DA:572,0
DA:574,0
DA:577,0
DA:579,0
DA:582,0
DA:584,0
DA:587,0
DA:589,0
DA:592,0
DA:594,0
DA:597,0
DA:600,0
DA:603,0
DA:606,0
DA:608,0
DA:611,0
DA:613,0
DA:616,0
DA:619,0
DA:622,0
DA:625,0
DA:627,0
DA:630,0
DA:632,0
DA:635,0
DA:637,0
DA:640,0
DA:643,0
DA:646,0
DA:649,0
DA:652,0
LF:225
LH:0
end_of_record
SF:lib/l10n/app_localizations_bg.dart
DA:9,0
DA:11,0
DA:14,0
DA:17,0
DA:20,0
DA:23,0
DA:26,0
DA:29,0
DA:32,0
DA:35,0
DA:38,0
DA:41,0
DA:44,0
DA:47,0
DA:50,0
DA:53,0
DA:56,0
DA:59,0
DA:62,0
DA:65,0
DA:68,0
DA:71,0
DA:74,0
DA:77,0
DA:80,0
DA:82,0
DA:85,0
DA:88,0
DA:91,0
DA:94,0
DA:97,0
DA:100,0
DA:102,0
DA:105,0
DA:108,0
DA:111,0
DA:115,0
DA:118,0
DA:122,0
DA:125,0
DA:128,0
DA:131,0
DA:134,0
DA:138,0
DA:142,0
DA:145,0
DA:148,0
DA:151,0
DA:154,0
DA:157,0
DA:160,0
DA:163,0
DA:166,0
DA:169,0
DA:172,0
DA:175,0
DA:178,0
DA:181,0
DA:184,0
DA:187,0
DA:190,0
DA:193,0
DA:196,0
DA:199,0
DA:202,0
DA:205,0
DA:207,0
DA:210,0
DA:213,0
DA:217,0
DA:220,0
DA:223,0
DA:226,0
DA:229,0
DA:233,0
DA:235,0
DA:238,0
DA:241,0
DA:244,0
DA:247,0
DA:250,0
DA:253,0
DA:256,0
DA:259,0
DA:262,0
DA:265,0
DA:268,0
DA:271,0
DA:273,0
DA:276,0
DA:279,0
DA:283,0
DA:285,0
DA:288,0
DA:291,0
DA:295,0
DA:298,0
DA:301,0
DA:305,0
DA:308,0
DA:311,0
DA:315,0
DA:317,0
DA:320,0
DA:323,0
DA:327,0
DA:330,0
DA:333,0
DA:335,0
DA:338,0
DA:341,0
DA:344,0
DA:348,0
DA:352,0
DA:354,0
DA:357,0
DA:360,0
DA:363,0
DA:366,0
DA:369,0
DA:372,0
DA:375,0
DA:378,0
DA:380,0
DA:383,0
DA:386,0
DA:389,0
DA:392,0
DA:395,0
DA:398,0
DA:401,0
DA:404,0
DA:406,0
DA:409,0
DA:411,0
DA:414,0
DA:416,0
DA:419,0
DA:423,0
DA:426,0
DA:428,0
DA:431,0
DA:434,0
DA:436,0
DA:439,0
DA:441,0
DA:444,0
DA:446,0
DA:449,0
DA:451,0
DA:454,0
DA:456,0
DA:459,0
DA:461,0
DA:464,0
DA:466,0
DA:469,0
DA:471,0
DA:474,0
DA:476,0
DA:479,0
DA:481,0
DA:484,0
DA:487,0
DA:490,0
DA:493,0
DA:495,0
DA:498,0
DA:501,0
DA:504,0
DA:507,0
DA:510,0
DA:513,0
DA:516,0
DA:519,0
DA:522,0
DA:524,0
DA:527,0
DA:529,0
DA:532,0
DA:534,0
DA:537,0
DA:539,0
DA:542,0
DA:545,0
DA:547,0
DA:550,0
DA:552,0
DA:555,0
DA:557,0
DA:560,0
DA:562,0
DA:565,0
DA:568,0
DA:572,0
DA:574,0
DA:577,0
DA:579,0
DA:582,0
DA:584,0
DA:587,0
DA:589,0
DA:592,0
DA:594,0
DA:597,0
DA:600,0
DA:603,0
DA:606,0
DA:608,0
DA:611,0
DA:613,0
DA:616,0
DA:619,0
DA:622,0
DA:625,0
DA:627,0
DA:630,0
DA:632,0
DA:635,0
DA:637,0
DA:640,0
DA:643,0
DA:646,0
DA:649,0
DA:652,0
LF:225
LH:0
end_of_record
SF:lib/l10n/app_localizations_cs.dart
DA:9,0
DA:11,0
DA:14,0
DA:17,0
DA:20,0
DA:23,0
DA:26,0
DA:29,0
DA:32,0
DA:35,0
DA:38,0
DA:41,0
DA:44,0
DA:47,0
DA:50,0
DA:53,0
DA:56,0
DA:59,0
DA:62,0
DA:65,0
DA:68,0
DA:71,0
DA:74,0
DA:77,0
DA:80,0
DA:82,0
DA:85,0
DA:88,0
DA:91,0
DA:94,0
DA:97,0
DA:100,0
DA:102,0
DA:105,0
DA:108,0
DA:111,0
DA:115,0
DA:118,0
DA:122,0
DA:125,0
DA:128,0
DA:131,0
DA:134,0
DA:138,0
DA:142,0
DA:145,0
DA:148,0
DA:151,0
DA:154,0
DA:157,0
DA:160,0
DA:163,0
DA:166,0
DA:169,0
DA:172,0
DA:175,0
DA:178,0
DA:181,0
DA:184,0
DA:187,0
DA:190,0
DA:193,0
DA:196,0
DA:199,0
DA:202,0
DA:205,0
DA:207,0
DA:210,0
DA:213,0
DA:217,0
DA:220,0
DA:223,0
DA:226,0
DA:229,0
DA:233,0
DA:235,0
DA:238,0
DA:241,0
DA:244,0
DA:247,0
DA:250,0
DA:253,0
DA:256,0
DA:259,0
DA:262,0
DA:265,0
DA:268,0
DA:271,0
DA:273,0
DA:276,0
DA:279,0
DA:283,0
DA:285,0
DA:288,0
DA:291,0
DA:295,0
DA:298,0
DA:301,0
DA:305,0
DA:308,0
DA:311,0
DA:315,0
DA:317,0
DA:320,0
DA:323,0
DA:327,0
DA:330,0
DA:333,0
DA:335,0
DA:338,0
DA:341,0
DA:344,0
DA:348,0
DA:352,0
DA:354,0
DA:357,0
DA:360,0
DA:363,0
DA:366,0
DA:369,0
DA:372,0
DA:375,0
DA:378,0
DA:380,0
DA:383,0
DA:386,0
DA:389,0
DA:392,0
DA:395,0
DA:398,0
DA:401,0
DA:404,0
DA:406,0
DA:409,0
DA:411,0
DA:414,0
DA:416,0
DA:419,0
DA:423,0
DA:426,0
DA:428,0
DA:431,0
DA:434,0
DA:436,0
DA:439,0
DA:441,0
DA:444,0
DA:446,0
DA:449,0
DA:451,0
DA:454,0
DA:456,0
DA:459,0
DA:461,0
DA:464,0
DA:466,0
DA:469,0
DA:471,0
DA:474,0
DA:476,0
DA:479,0
DA:481,0
DA:484,0
DA:487,0
DA:490,0
DA:493,0
DA:495,0
DA:498,0
DA:501,0
DA:504,0
DA:507,0
DA:510,0
DA:513,0
DA:516,0
DA:519,0
DA:522,0
DA:524,0
DA:527,0
DA:529,0
DA:532,0
DA:534,0
DA:537,0
DA:539,0
DA:542,0
DA:545,0
DA:547,0
DA:550,0
DA:552,0
DA:555,0
DA:557,0
DA:560,0
DA:562,0
DA:565,0
DA:568,0
DA:572,0
DA:574,0
DA:577,0
DA:579,0
DA:582,0
DA:584,0
DA:587,0
DA:589,0
DA:592,0
DA:594,0
DA:597,0
DA:600,0
DA:603,0
DA:606,0
DA:608,0
DA:611,0
DA:613,0
DA:616,0
DA:619,0
DA:622,0
DA:625,0
DA:627,0
DA:630,0
DA:632,0
DA:635,0
DA:637,0
DA:640,0
DA:643,0
DA:646,0
DA:649,0
DA:652,0
LF:225
LH:0
end_of_record
SF:lib/l10n/app_localizations_da.dart
DA:9,0
DA:11,0
DA:14,0
DA:17,0
DA:20,0
DA:23,0
DA:26,0
DA:29,0
DA:32,0
DA:35,0
DA:38,0
DA:41,0
DA:44,0
DA:47,0
DA:50,0
DA:53,0
DA:56,0
DA:59,0
DA:62,0
DA:65,0
DA:68,0
DA:71,0
DA:74,0
DA:77,0
DA:80,0
DA:82,0
DA:85,0
DA:88,0
DA:91,0
DA:94,0
DA:97,0
DA:100,0
DA:102,0
DA:105,0
DA:108,0
DA:111,0
DA:115,0
DA:118,0
DA:122,0
DA:125,0
DA:128,0
DA:131,0
DA:134,0
DA:138,0
DA:142,0
DA:145,0
DA:148,0
DA:151,0
DA:154,0
DA:157,0
DA:160,0
DA:163,0
DA:166,0
DA:169,0
DA:172,0
DA:175,0
DA:178,0
DA:181,0
DA:184,0
DA:187,0
DA:190,0
DA:193,0
DA:196,0
DA:199,0
DA:202,0
DA:205,0
DA:207,0
DA:210,0
DA:213,0
DA:217,0
DA:220,0
DA:223,0
DA:226,0
DA:229,0
DA:233,0
DA:235,0
DA:238,0
DA:241,0
DA:244,0
DA:247,0
DA:250,0
DA:253,0
DA:256,0
DA:259,0
DA:262,0
DA:265,0
DA:268,0
DA:271,0
DA:273,0
DA:276,0
DA:279,0
DA:283,0
DA:285,0
DA:288,0
DA:291,0
DA:295,0
DA:298,0
DA:301,0
DA:305,0
DA:308,0
DA:311,0
DA:315,0
DA:317,0
DA:320,0
DA:323,0
DA:327,0
DA:330,0
DA:333,0
DA:335,0
DA:338,0
DA:341,0
DA:344,0
DA:348,0
DA:352,0
DA:354,0
DA:357,0
DA:360,0
DA:363,0
DA:366,0
DA:369,0
DA:372,0
DA:375,0
DA:378,0
DA:380,0
DA:383,0
DA:386,0
DA:389,0
DA:392,0
DA:395,0
DA:398,0
DA:401,0
DA:404,0
DA:406,0
DA:409,0
DA:411,0
DA:414,0
DA:416,0
DA:419,0
DA:423,0
DA:426,0
DA:428,0
DA:431,0
DA:434,0
DA:436,0
DA:439,0
DA:441,0
DA:444,0
DA:446,0
DA:449,0
DA:451,0
DA:454,0
DA:456,0
DA:459,0
DA:461,0
DA:464,0
DA:466,0
DA:469,0
DA:471,0
DA:474,0
DA:476,0
DA:479,0
DA:481,0
DA:484,0
DA:487,0
DA:490,0
DA:493,0
DA:495,0
DA:498,0
DA:501,0
DA:504,0
DA:507,0
DA:510,0
DA:513,0
DA:516,0
DA:519,0
DA:522,0
DA:524,0
DA:527,0
DA:529,0
DA:532,0
DA:534,0
DA:537,0
DA:539,0
DA:542,0
DA:545,0
DA:547,0
DA:550,0
DA:552,0
DA:555,0
DA:557,0
DA:560,0
DA:562,0
DA:565,0
DA:568,0
DA:572,0
DA:574,0
DA:577,0
DA:579,0
DA:582,0
DA:584,0
DA:587,0
DA:589,0
DA:592,0
DA:594,0
DA:597,0
DA:600,0
DA:603,0
DA:606,0
DA:608,0
DA:611,0
DA:613,0
DA:616,0
DA:619,0
DA:622,0
DA:625,0
DA:627,0
DA:630,0
DA:632,0
DA:635,0
DA:637,0
DA:640,0
DA:643,0
DA:646,0
DA:649,0
DA:652,0
LF:225
LH:0
end_of_record
SF:lib/l10n/app_localizations_de.dart
DA:9,0
DA:11,0
DA:14,0
DA:17,0
DA:20,0
DA:23,0
DA:26,0
DA:29,0
DA:32,0
DA:35,0
DA:38,0
DA:41,0
DA:44,0
DA:47,0
DA:50,0
DA:53,0
DA:56,0
DA:59,0
DA:62,0
DA:65,0
DA:68,0
DA:71,0
DA:74,0
DA:77,0
DA:80,0
DA:82,0
DA:85,0
DA:88,0
DA:91,0
DA:94,0
DA:97,0
DA:100,0
DA:102,0
DA:105,0
DA:108,0
DA:111,0
DA:115,0
DA:118,0
DA:122,0
DA:125,0
DA:128,0
DA:131,0
DA:134,0
DA:138,0
DA:142,0
DA:145,0
DA:148,0
DA:151,0
DA:154,0
DA:157,0
DA:160,0
DA:163,0
DA:166,0
DA:169,0
DA:172,0
DA:175,0
DA:178,0
DA:181,0
DA:184,0
DA:187,0
DA:190,0
DA:193,0
DA:196,0
DA:199,0
DA:202,0
DA:205,0
DA:207,0
DA:210,0
DA:213,0
DA:217,0
DA:220,0
DA:223,0
DA:226,0
DA:229,0
DA:233,0
DA:235,0
DA:238,0
DA:241,0
DA:244,0
DA:247,0
DA:250,0
DA:253,0
DA:256,0
DA:259,0
DA:262,0
DA:265,0
DA:268,0
DA:271,0
DA:273,0
DA:276,0
DA:279,0
DA:283,0
DA:285,0
DA:288,0
DA:291,0
DA:295,0
DA:298,0
DA:301,0
DA:305,0
DA:308,0
DA:311,0
DA:315,0
DA:317,0
DA:320,0
DA:323,0
DA:327,0
DA:330,0
DA:333,0
DA:335,0
DA:338,0
DA:341,0
DA:344,0
DA:348,0
DA:352,0
DA:354,0
DA:357,0
DA:360,0
DA:363,0
DA:366,0
DA:369,0
DA:372,0
DA:375,0
DA:378,0
DA:380,0
DA:383,0
DA:386,0
DA:389,0
DA:392,0
DA:395,0
DA:398,0
DA:401,0
DA:404,0
DA:406,0
DA:409,0
DA:411,0
DA:414,0
DA:416,0
DA:419,0
DA:423,0
DA:426,0
DA:428,0
DA:431,0
DA:434,0
DA:436,0
DA:439,0
DA:441,0
DA:444,0
DA:446,0
DA:449,0
DA:451,0
DA:454,0
DA:456,0
DA:459,0
DA:461,0
DA:464,0
DA:466,0
DA:469,0
DA:471,0
DA:474,0
DA:476,0
DA:479,0
DA:481,0
DA:484,0
DA:487,0
DA:490,0
DA:493,0
DA:495,0
DA:498,0
DA:501,0
DA:504,0
DA:507,0
DA:510,0
DA:513,0
DA:516,0
DA:519,0
DA:522,0
DA:524,0
DA:527,0
DA:529,0
DA:532,0
DA:534,0
DA:537,0
DA:539,0
DA:542,0
DA:545,0
DA:547,0
DA:550,0
DA:552,0
DA:555,0
DA:557,0
DA:560,0
DA:562,0
DA:565,0
DA:568,0
DA:572,0
DA:574,0
DA:577,0
DA:579,0
DA:582,0
DA:584,0
DA:587,0
DA:589,0
DA:592,0
DA:594,0
DA:597,0
DA:600,0
DA:603,0
DA:606,0
DA:608,0
DA:611,0
DA:613,0
DA:616,0
DA:619,0
DA:622,0
DA:625,0
DA:627,0
DA:630,0
DA:632,0
DA:635,0
DA:637,0
DA:640,0
DA:643,0
DA:646,0
DA:649,0
DA:652,0
LF:225
LH:0
end_of_record
SF:lib/l10n/app_localizations_en.dart
DA:9,0
DA:11,0
DA:14,0
DA:17,0
DA:20,0
DA:23,0
DA:26,0
DA:29,0
DA:32,0
DA:35,0
DA:38,0
DA:41,0
DA:44,0
DA:47,0
DA:50,0
DA:53,0
DA:56,0
DA:59,0
DA:62,0
DA:65,0
DA:68,0
DA:71,0
DA:74,0
DA:77,0
DA:80,0
DA:82,0
DA:85,0
DA:88,0
DA:91,0
DA:94,0
DA:97,0
DA:100,0
DA:102,0
DA:105,0
DA:108,0
DA:111,0
DA:115,0
DA:118,0
DA:121,0
DA:124,0
DA:127,0
DA:130,0
DA:133,0
DA:137,0
DA:141,0
DA:144,0
DA:147,0
DA:150,0
DA:153,0
DA:156,0
DA:159,0
DA:162,0
DA:165,0
DA:168,0
DA:171,0
DA:174,0
DA:177,0
DA:180,0
DA:183,0
DA:186,0
DA:189,0
DA:192,0
DA:195,0
DA:198,0
DA:201,0
DA:204,0
DA:206,0
DA:209,0
DA:212,0
DA:216,0
DA:219,0
DA:222,0
DA:225,0
DA:228,0
DA:232,0
DA:234,0
DA:237,0
DA:240,0
DA:243,0
DA:246,0
DA:249,0
DA:252,0
DA:255,0
DA:258,0
DA:261,0
DA:264,0
DA:267,0
DA:270,0
DA:272,0
DA:275,0
DA:278,0
DA:281,0
DA:283,0
DA:286,0
DA:289,0
DA:293,0
DA:296,0
DA:299,0
DA:303,0
DA:306,0
DA:309,0
DA:312,0
DA:314,0
DA:317,0
DA:320,0
DA:324,0
DA:327,0
DA:330,0
DA:332,0
DA:335,0
DA:338,0
DA:341,0
DA:344,0
DA:347,0
DA:349,0
DA:352,0
DA:355,0
DA:358,0
DA:361,0
DA:364,0
DA:367,0
DA:370,0
DA:373,0
DA:375,0
DA:378,0
DA:381,0
DA:384,0
DA:387,0
DA:390,0
DA:393,0
DA:396,0
DA:399,0
DA:401,0
DA:404,0
DA:406,0
DA:409,0
DA:411,0
DA:414,0
DA:418,0
DA:421,0
DA:423,0
DA:426,0
DA:429,0
DA:431,0
DA:434,0
DA:436,0
DA:439,0
DA:441,0
DA:444,0
DA:446,0
DA:449,0
DA:451,0
DA:454,0
DA:456,0
DA:459,0
DA:461,0
DA:464,0
DA:466,0
DA:469,0
DA:471,0
DA:474,0
DA:476,0
DA:479,0
DA:482,0
DA:485,0
DA:488,0
DA:490,0
DA:493,0
DA:496,0
DA:499,0
DA:502,0
DA:505,0
DA:508,0
DA:511,0
DA:514,0
DA:517,0
DA:519,0
DA:522,0
DA:524,0
DA:527,0
DA:529,0
DA:532,0
DA:534,0
DA:537,0
DA:540,0
DA:542,0
DA:545,0
DA:547,0
DA:550,0
DA:552,0
DA:555,0
DA:557,0
DA:560,0
DA:563,0
DA:566,0
DA:568,0
DA:571,0
DA:573,0
DA:576,0
DA:578,0
DA:581,0
DA:583,0
DA:586,0
DA:588,0
DA:591,0
DA:594,0
DA:597,0
DA:600,0
DA:602,0
DA:605,0
DA:607,0
DA:610,0
DA:613,0
DA:616,0
DA:619,0
DA:621,0
DA:624,0
DA:626,0
DA:629,0
DA:631,0
DA:634,0
DA:637,0
DA:640,0
DA:643,0
DA:646,0
LF:225
LH:0
end_of_record
SF:lib/l10n/app_localizations_es.dart
DA:9,0
DA:11,0
DA:14,0
DA:17,0
DA:20,0
DA:23,0
DA:26,0
DA:29,0
DA:32,0
DA:35,0
DA:38,0
DA:41,0
DA:44,0
DA:47,0
DA:50,0
DA:53,0
DA:56,0
DA:59,0
DA:62,0
DA:65,0
DA:68,0
DA:71,0
DA:74,0
DA:77,0
DA:80,0
DA:82,0
DA:85,0
DA:88,0
DA:91,0
DA:94,0
DA:97,0
DA:100,0
DA:102,0
DA:105,0
DA:108,0
DA:111,0
DA:115,0
DA:118,0
DA:122,0
DA:125,0
DA:128,0
DA:131,0
DA:134,0
DA:138,0
DA:142,0
DA:145,0
DA:148,0
DA:151,0
DA:154,0
DA:157,0
DA:160,0
DA:163,0
DA:166,0
DA:169,0
DA:172,0
DA:175,0
DA:178,0
DA:181,0
DA:184,0
DA:187,0
DA:190,0
DA:193,0
DA:196,0
DA:199,0
DA:202,0
DA:205,0
DA:207,0
DA:210,0
DA:213,0
DA:217,0
DA:220,0
DA:223,0
DA:226,0
DA:229,0
DA:233,0
DA:235,0
DA:238,0
DA:241,0
DA:244,0
DA:247,0
DA:250,0
DA:253,0
DA:256,0
DA:259,0
DA:262,0
DA:265,0
DA:268,0
DA:271,0
DA:273,0
DA:276,0
DA:279,0
DA:283,0
DA:285,0
DA:288,0
DA:291,0
DA:295,0
DA:298,0
DA:301,0
DA:305,0
DA:308,0
DA:311,0
DA:315,0
DA:317,0
DA:320,0
DA:323,0
DA:327,0
DA:330,0
DA:333,0
DA:335,0
DA:338,0
DA:341,0
DA:344,0
DA:348,0
DA:352,0
DA:354,0
DA:357,0
DA:360,0
DA:363,0
DA:366,0
DA:369,0
DA:372,0
DA:375,0
DA:378,0
DA:380,0
DA:383,0
DA:386,0
DA:389,0
DA:392,0
DA:395,0
DA:398,0
DA:401,0
DA:404,0
DA:406,0
DA:409,0
DA:411,0
DA:414,0
DA:416,0
DA:419,0
DA:423,0
DA:426,0
DA:428,0
DA:431,0
DA:434,0
DA:436,0
DA:439,0
DA:441,0
DA:444,0
DA:446,0
DA:449,0
DA:451,0
DA:454,0
DA:456,0
DA:459,0
DA:461,0
DA:464,0
DA:466,0
DA:469,0
DA:471,0
DA:474,0
DA:476,0
DA:479,0
DA:481,0
DA:484,0
DA:487,0
DA:490,0
DA:493,0
DA:495,0
DA:498,0
DA:501,0
DA:504,0
DA:507,0
DA:510,0
DA:513,0
DA:516,0
DA:519,0
DA:522,0
DA:524,0
DA:527,0
DA:529,0
DA:532,0
DA:534,0
DA:537,0
DA:539,0
DA:542,0
DA:545,0
DA:547,0
DA:550,0
DA:552,0
DA:555,0
DA:557,0
DA:560,0
DA:562,0
DA:565,0
DA:568,0
DA:572,0
DA:574,0
DA:577,0
DA:579,0
DA:582,0
DA:584,0
DA:587,0
DA:589,0
DA:592,0
DA:594,0
DA:597,0
DA:600,0
DA:603,0
DA:606,0
DA:608,0
DA:611,0
DA:613,0
DA:616,0
DA:619,0
DA:622,0
DA:625,0
DA:627,0
DA:630,0
DA:632,0
DA:635,0
DA:637,0
DA:640,0
DA:643,0
DA:646,0
DA:649,0
DA:652,0
LF:225
LH:0
end_of_record
SF:lib/l10n/app_localizations_fi.dart
DA:9,0
DA:11,0
DA:14,0
DA:17,0
DA:20,0
DA:23,0
DA:26,0
DA:29,0
DA:32,0
DA:35,0
DA:38,0
DA:41,0
DA:44,0
DA:47,0
DA:50,0
DA:53,0
DA:56,0
DA:59,0
DA:62,0
DA:65,0
DA:68,0
DA:71,0
DA:74,0
DA:77,0
DA:80,0
DA:82,0
DA:85,0
DA:88,0
DA:91,0
DA:94,0
DA:97,0
DA:100,0
DA:102,0
DA:105,0
DA:108,0
DA:111,0
DA:115,0
DA:118,0
DA:122,0
DA:125,0
DA:128,0
DA:131,0
DA:134,0
DA:138,0
DA:142,0
DA:145,0
DA:148,0
DA:151,0
DA:154,0
DA:157,0
DA:160,0
DA:163,0
DA:166,0
DA:169,0
DA:172,0
DA:175,0
DA:178,0
DA:181,0
DA:184,0
DA:187,0
DA:190,0
DA:193,0
DA:196,0
DA:199,0
DA:202,0
DA:205,0
DA:207,0
DA:210,0
DA:213,0
DA:217,0
DA:220,0
DA:223,0
DA:226,0
DA:229,0
DA:233,0
DA:235,0
DA:238,0
DA:241,0
DA:244,0
DA:247,0
DA:250,0
DA:253,0
DA:256,0
DA:259,0
DA:262,0
DA:265,0
DA:268,0
DA:271,0
DA:273,0
DA:276,0
DA:279,0
DA:283,0
DA:285,0
DA:288,0
DA:291,0
DA:295,0
DA:298,0
DA:301,0
DA:305,0
DA:308,0
DA:311,0
DA:315,0
DA:317,0
DA:320,0
DA:323,0
DA:327,0
DA:330,0
DA:333,0
DA:335,0
DA:338,0
DA:341,0
DA:344,0
DA:348,0
DA:352,0
DA:354,0
DA:357,0
DA:360,0
DA:363,0
DA:366,0
DA:369,0
DA:372,0
DA:375,0
DA:378,0
DA:380,0
DA:383,0
DA:386,0
DA:389,0
DA:392,0
DA:395,0
DA:398,0
DA:401,0
DA:404,0
DA:406,0
DA:409,0
DA:411,0
DA:414,0
DA:416,0
DA:419,0
DA:423,0
DA:426,0
DA:428,0
DA:431,0
DA:434,0
DA:436,0
DA:439,0
DA:441,0
DA:444,0
DA:446,0
DA:449,0
DA:451,0
DA:454,0
DA:456,0
DA:459,0
DA:461,0
DA:464,0
DA:466,0
DA:469,0
DA:471,0
DA:474,0
DA:476,0
DA:479,0
DA:481,0
DA:484,0
DA:487,0
DA:490,0
DA:493,0
DA:495,0
DA:498,0
DA:501,0
DA:504,0
DA:507,0
DA:510,0
DA:513,0
DA:516,0
DA:519,0
DA:522,0
DA:524,0
DA:527,0
DA:529,0
DA:532,0
DA:534,0
DA:537,0
DA:539,0
DA:542,0
DA:545,0
DA:547,0
DA:550,0
DA:552,0
DA:555,0
DA:557,0
DA:560,0
DA:562,0
DA:565,0
DA:568,0
DA:572,0
DA:574,0
DA:577,0
DA:579,0
DA:582,0
DA:584,0
DA:587,0
DA:589,0
DA:592,0
DA:594,0
DA:597,0
DA:600,0
DA:603,0
DA:606,0
DA:608,0
DA:611,0
DA:613,0
DA:616,0
DA:619,0
DA:622,0
DA:625,0
DA:627,0
DA:630,0
DA:632,0
DA:635,0
DA:637,0
DA:640,0
DA:643,0
DA:646,0
DA:649,0
DA:652,0
LF:225
LH:0
end_of_record
SF:lib/l10n/app_localizations_fr.dart
DA:9,0
DA:11,0
DA:14,0
DA:17,0
DA:20,0
DA:23,0
DA:26,0
DA:29,0
DA:32,0
DA:35,0
DA:38,0
DA:41,0
DA:44,0
DA:47,0
DA:50,0
DA:53,0
DA:56,0
DA:59,0
DA:62,0
DA:65,0
DA:68,0
DA:71,0
DA:74,0
DA:77,0
DA:80,0
DA:82,0
DA:85,0
DA:88,0
DA:91,0
DA:94,0
DA:97,0
DA:100,0
DA:102,0
DA:105,0
DA:108,0
DA:111,0
DA:115,0
DA:118,0
DA:122,0
DA:125,0
DA:128,0
DA:131,0
DA:134,0
DA:138,0
DA:142,0
DA:145,0
DA:148,0
DA:151,0
DA:154,0
DA:157,0
DA:160,0
DA:163,0
DA:166,0
DA:169,0
DA:172,0
DA:175,0
DA:178,0
DA:181,0
DA:184,0
DA:187,0
DA:190,0
DA:193,0
DA:196,0
DA:199,0
DA:202,0
DA:205,0
DA:207,0
DA:210,0
DA:213,0
DA:217,0
DA:220,0
DA:223,0
DA:226,0
DA:229,0
DA:233,0
DA:235,0
DA:238,0
DA:241,0
DA:244,0
DA:247,0
DA:250,0
DA:253,0
DA:256,0
DA:259,0
DA:262,0
DA:265,0
DA:268,0
DA:271,0
DA:273,0
DA:276,0
DA:279,0
DA:283,0
DA:285,0
DA:288,0
DA:291,0
DA:295,0
DA:298,0
DA:301,0
DA:305,0
DA:308,0
DA:311,0
DA:315,0
DA:317,0
DA:320,0
DA:323,0
DA:327,0
DA:330,0
DA:333,0
DA:335,0
DA:338,0
DA:341,0
DA:344,0
DA:348,0
DA:352,0
DA:354,0
DA:357,0
DA:360,0
DA:363,0
DA:366,0
DA:369,0
DA:372,0
DA:375,0
DA:378,0
DA:380,0
DA:383,0
DA:386,0
DA:389,0
DA:392,0
DA:395,0
DA:398,0
DA:401,0
DA:404,0
DA:406,0
DA:409,0
DA:411,0
DA:414,0
DA:416,0
DA:419,0
DA:423,0
DA:426,0
DA:428,0
DA:431,0
DA:434,0
DA:436,0
DA:439,0
DA:441,0
DA:444,0
DA:446,0
DA:449,0
DA:451,0
DA:454,0
DA:456,0
DA:459,0
DA:461,0
DA:464,0
DA:466,0
DA:469,0
DA:471,0
DA:474,0
DA:476,0
DA:479,0
DA:481,0
DA:484,0
DA:487,0
DA:490,0
DA:493,0
DA:495,0
DA:498,0
DA:501,0
DA:504,0
DA:507,0
DA:510,0
DA:513,0
DA:516,0
DA:519,0
DA:522,0
DA:524,0
DA:527,0
DA:529,0
DA:532,0
DA:534,0
DA:537,0
DA:539,0
DA:542,0
DA:545,0
DA:547,0
DA:550,0
DA:552,0
DA:555,0
DA:557,0
DA:560,0
DA:562,0
DA:565,0
DA:568,0
DA:572,0
DA:574,0
DA:577,0
DA:579,0
DA:582,0
DA:584,0
DA:587,0
DA:589,0
DA:592,0
DA:594,0
DA:597,0
DA:600,0
DA:603,0
DA:606,0
DA:608,0
DA:611,0
DA:613,0
DA:616,0
DA:619,0
DA:622,0
DA:625,0
DA:627,0
DA:630,0
DA:632,0
DA:635,0
DA:637,0
DA:640,0
DA:643,0
DA:646,0
DA:649,0
DA:652,0
LF:225
LH:0
end_of_record
SF:lib/l10n/app_localizations_he.dart
DA:9,0
DA:11,0
DA:14,0
DA:17,0
DA:20,0
DA:23,0
DA:26,0
DA:29,0
DA:32,0
DA:35,0
DA:38,0
DA:41,0
DA:44,0
DA:47,0
DA:50,0
DA:53,0
DA:56,0
DA:59,0
DA:62,0
DA:65,0
DA:68,0
DA:71,0
DA:74,0
DA:77,0
DA:80,0
DA:82,0
DA:85,0
DA:88,0
DA:91,0
DA:94,0
DA:97,0
DA:100,0
DA:102,0
DA:105,0
DA:108,0
DA:111,0
DA:115,0
DA:118,0
DA:122,0
DA:125,0
DA:128,0
DA:131,0
DA:134,0
DA:138,0
DA:142,0
DA:145,0
DA:148,0
DA:151,0
DA:154,0
DA:157,0
DA:160,0
DA:163,0
DA:166,0
DA:169,0
DA:172,0
DA:175,0
DA:178,0
DA:181,0
DA:184,0
DA:187,0
DA:190,0
DA:193,0
DA:196,0
DA:199,0
DA:202,0
DA:205,0
DA:207,0
DA:210,0
DA:213,0
DA:217,0
DA:220,0
DA:223,0
DA:226,0
DA:229,0
DA:233,0
DA:235,0
DA:238,0
DA:241,0
DA:244,0
DA:247,0
DA:250,0
DA:253,0
DA:256,0
DA:259,0
DA:262,0
DA:265,0
DA:268,0
DA:271,0
DA:273,0
DA:276,0
DA:279,0
DA:283,0
DA:285,0
DA:288,0
DA:291,0
DA:295,0
DA:298,0
DA:301,0
DA:305,0
DA:308,0
DA:311,0
DA:315,0
DA:317,0
DA:320,0
DA:323,0
DA:327,0
DA:330,0
DA:333,0
DA:335,0
DA:338,0
DA:341,0
DA:344,0
DA:348,0
DA:352,0
DA:354,0
DA:357,0
DA:360,0
DA:363,0
DA:366,0
DA:369,0
DA:372,0
DA:375,0
DA:378,0
DA:380,0
DA:383,0
DA:386,0
DA:389,0
DA:392,0
DA:395,0
DA:398,0
DA:401,0
DA:404,0
DA:406,0
DA:409,0
DA:411,0
DA:414,0
DA:416,0
DA:419,0
DA:423,0
DA:426,0
DA:428,0
DA:431,0
DA:434,0
DA:436,0
DA:439,0
DA:441,0
DA:444,0
DA:446,0
DA:449,0
DA:451,0
DA:454,0
DA:456,0
DA:459,0
DA:461,0
DA:464,0
DA:466,0
DA:469,0
DA:471,0
DA:474,0
DA:476,0
DA:479,0
DA:481,0
DA:484,0
DA:487,0
DA:490,0
DA:493,0
DA:495,0
DA:498,0
DA:501,0
DA:504,0
DA:507,0
DA:510,0
DA:513,0
DA:516,0
DA:519,0
DA:522,0
DA:524,0
DA:527,0
DA:529,0
DA:532,0
DA:534,0
DA:537,0
DA:539,0
DA:542,0
DA:545,0
DA:547,0
DA:550,0
DA:552,0
DA:555,0
DA:557,0
DA:560,0
DA:562,0
DA:565,0
DA:568,0
DA:572,0
DA:574,0
DA:577,0
DA:579,0
DA:582,0
DA:584,0
DA:587,0
DA:589,0
DA:592,0
DA:594,0
DA:597,0
DA:600,0
DA:603,0
DA:606,0
DA:608,0
DA:611,0
DA:613,0
DA:616,0
DA:619,0
DA:622,0
DA:625,0
DA:627,0
DA:630,0
DA:632,0
DA:635,0
DA:637,0
DA:640,0
DA:643,0
DA:646,0
DA:649,0
DA:652,0
LF:225
LH:0
end_of_record
SF:lib/l10n/app_localizations_hu.dart
DA:9,0
DA:11,0
DA:14,0
DA:17,0
DA:20,0
DA:23,0
DA:26,0
DA:29,0
DA:32,0
DA:35,0
DA:38,0
DA:41,0
DA:44,0
DA:47,0
DA:50,0
DA:53,0
DA:56,0
DA:59,0
DA:62,0
DA:65,0
DA:68,0
DA:71,0
DA:74,0
DA:77,0
DA:80,0
DA:82,0
DA:85,0
DA:88,0
DA:91,0
DA:94,0
DA:97,0
DA:100,0
DA:102,0
DA:105,0
DA:108,0
DA:111,0
DA:115,0
DA:118,0
DA:122,0
DA:125,0
DA:128,0
DA:131,0
DA:134,0
DA:138,0
DA:142,0
DA:145,0
DA:148,0
DA:151,0
DA:154,0
DA:157,0
DA:160,0
DA:163,0
DA:166,0
DA:169,0
DA:172,0
DA:175,0
DA:178,0
DA:181,0
DA:184,0
DA:187,0
DA:190,0
DA:193,0
DA:196,0
DA:199,0
DA:202,0
DA:205,0
DA:207,0
DA:210,0
DA:213,0
DA:217,0
DA:220,0
DA:223,0
DA:226,0
DA:229,0
DA:233,0
DA:235,0
DA:238,0
DA:241,0
DA:244,0
DA:247,0
DA:250,0
DA:253,0
DA:256,0
DA:259,0
DA:262,0
DA:265,0
DA:268,0
DA:271,0
DA:273,0
DA:276,0
DA:279,0
DA:283,0
DA:285,0
DA:288,0
DA:291,0
DA:295,0
DA:298,0
DA:301,0
DA:305,0
DA:308,0
DA:311,0
DA:315,0
DA:317,0
DA:320,0
DA:323,0
DA:327,0
DA:330,0
DA:333,0
DA:335,0
DA:338,0
DA:341,0
DA:344,0
DA:348,0
DA:352,0
DA:354,0
DA:357,0
DA:360,0
DA:363,0
DA:366,0
DA:369,0
DA:372,0
DA:375,0
DA:378,0
DA:380,0
DA:383,0
DA:386,0
DA:389,0
DA:392,0
DA:395,0
DA:398,0
DA:401,0
DA:404,0
DA:406,0
DA:409,0
DA:411,0
DA:414,0
DA:416,0
DA:419,0
DA:423,0
DA:426,0
DA:428,0
DA:431,0
DA:434,0
DA:436,0
DA:439,0
DA:441,0
DA:444,0
DA:446,0
DA:449,0
DA:451,0
DA:454,0
DA:456,0
DA:459,0
DA:461,0
DA:464,0
DA:466,0
DA:469,0
DA:471,0
DA:474,0
DA:476,0
DA:479,0
DA:481,0
DA:484,0
DA:487,0
DA:490,0
DA:493,0
DA:495,0
DA:498,0
DA:501,0
DA:504,0
DA:507,0
DA:510,0
DA:513,0
DA:516,0
DA:519,0
DA:522,0
DA:524,0
DA:527,0
DA:529,0
DA:532,0
DA:534,0
DA:537,0
DA:539,0
DA:542,0
DA:545,0
DA:547,0
DA:550,0
DA:552,0
DA:555,0
DA:557,0
DA:560,0
DA:562,0
DA:565,0
DA:568,0
DA:572,0
DA:574,0
DA:577,0
DA:579,0
DA:582,0
DA:584,0
DA:587,0
DA:589,0
DA:592,0
DA:594,0
DA:597,0
DA:600,0
DA:603,0
DA:606,0
DA:608,0
DA:611,0
DA:613,0
DA:616,0
DA:619,0
DA:622,0
DA:625,0
DA:627,0
DA:630,0
DA:632,0
DA:635,0
DA:637,0
DA:640,0
DA:643,0
DA:646,0
DA:649,0
DA:652,0
LF:225
LH:0
end_of_record
SF:lib/l10n/app_localizations_id.dart
DA:9,0
DA:11,0
DA:14,0
DA:17,0
DA:20,0
DA:23,0
DA:26,0
DA:29,0
DA:32,0
DA:35,0
DA:38,0
DA:41,0
DA:44,0
DA:47,0
DA:50,0
DA:53,0
DA:56,0
DA:59,0
DA:62,0
DA:65,0
DA:68,0
DA:71,0
DA:74,0
DA:77,0
DA:80,0
DA:82,0
DA:85,0
DA:88,0
DA:91,0
DA:94,0
DA:97,0
DA:100,0
DA:102,0
DA:105,0
DA:108,0
DA:111,0
DA:115,0
DA:118,0
DA:122,0
DA:125,0
DA:128,0
DA:131,0
DA:134,0
DA:138,0
DA:142,0
DA:145,0
DA:148,0
DA:151,0
DA:154,0
DA:157,0
DA:160,0
DA:163,0
DA:166,0
DA:169,0
DA:172,0
DA:175,0
DA:178,0
DA:181,0
DA:184,0
DA:187,0
DA:190,0
DA:193,0
DA:196,0
DA:199,0
DA:202,0
DA:205,0
DA:207,0
DA:210,0
DA:213,0
DA:217,0
DA:220,0
DA:223,0
DA:226,0
DA:229,0
DA:233,0
DA:235,0
DA:238,0
DA:241,0
DA:244,0
DA:247,0
DA:250,0
DA:253,0
DA:256,0
DA:259,0
DA:262,0
DA:265,0
DA:268,0
DA:271,0
DA:273,0
DA:276,0
DA:279,0
DA:283,0
DA:285,0
DA:288,0
DA:291,0
DA:295,0
DA:298,0
DA:301,0
DA:305,0
DA:308,0
DA:311,0
DA:315,0
DA:317,0
DA:320,0
DA:323,0
DA:327,0
DA:330,0
DA:333,0
DA:335,0
DA:338,0
DA:341,0
DA:344,0
DA:348,0
DA:352,0
DA:354,0
DA:357,0
DA:360,0
DA:363,0
DA:366,0
DA:369,0
DA:372,0
DA:375,0
DA:378,0
DA:380,0
DA:383,0
DA:386,0
DA:389,0
DA:392,0
DA:395,0
DA:398,0
DA:401,0
DA:404,0
DA:406,0
DA:409,0
DA:411,0
DA:414,0
DA:416,0
DA:419,0
DA:423,0
DA:426,0
DA:428,0
DA:431,0
DA:434,0
DA:436,0
DA:439,0
DA:441,0
DA:444,0
DA:446,0
DA:449,0
DA:451,0
DA:454,0
DA:456,0
DA:459,0
DA:461,0
DA:464,0
DA:466,0
DA:469,0
DA:471,0
DA:474,0
DA:476,0
DA:479,0
DA:481,0
DA:484,0
DA:487,0
DA:490,0
DA:493,0
DA:495,0
DA:498,0
DA:501,0
DA:504,0
DA:507,0
DA:510,0
DA:513,0
DA:516,0
DA:519,0
DA:522,0
DA:524,0
DA:527,0
DA:529,0
DA:532,0
DA:534,0
DA:537,0
DA:539,0
DA:542,0
DA:545,0
DA:547,0
DA:550,0
DA:552,0
DA:555,0
DA:557,0
DA:560,0
DA:562,0
DA:565,0
DA:568,0
DA:572,0
DA:574,0
DA:577,0
DA:579,0
DA:582,0
DA:584,0
DA:587,0
DA:589,0
DA:592,0
DA:594,0
DA:597,0
DA:600,0
DA:603,0
DA:606,0
DA:608,0
DA:611,0
DA:613,0
DA:616,0
DA:619,0
DA:622,0
DA:625,0
DA:627,0
DA:630,0
DA:632,0
DA:635,0
DA:637,0
DA:640,0
DA:643,0
DA:646,0
DA:649,0
DA:652,0
LF:225
LH:0
end_of_record
SF:lib/l10n/app_localizations_it.dart
DA:9,0
DA:11,0
DA:14,0
DA:17,0
DA:20,0
DA:23,0
DA:26,0
DA:29,0
DA:32,0
DA:35,0
DA:38,0
DA:41,0
DA:44,0
DA:47,0
DA:50,0
DA:53,0
DA:56,0
DA:59,0
DA:62,0
DA:65,0
DA:68,0
DA:71,0
DA:74,0
DA:77,0
DA:80,0
DA:82,0
DA:85,0
DA:88,0
DA:91,0
DA:94,0
DA:97,0
DA:100,0
DA:102,0
DA:105,0
DA:108,0
DA:111,0
DA:115,0
DA:118,0
DA:122,0
DA:125,0
DA:128,0
DA:131,0
DA:134,0
DA:138,0
DA:142,0
DA:145,0
DA:148,0
DA:151,0
DA:154,0
DA:157,0
DA:160,0
DA:163,0
DA:166,0
DA:169,0
DA:172,0
DA:175,0
DA:178,0
DA:181,0
DA:184,0
DA:187,0
DA:190,0
DA:193,0
DA:196,0
DA:199,0
DA:202,0
DA:205,0
DA:207,0
DA:210,0
DA:213,0
DA:217,0
DA:220,0
DA:223,0
DA:226,0
DA:229,0
DA:233,0
DA:235,0
DA:238,0
DA:241,0
DA:244,0
DA:247,0
DA:250,0
DA:253,0
DA:256,0
DA:259,0
DA:262,0
DA:265,0
DA:268,0
DA:271,0
DA:273,0
DA:276,0
DA:279,0
DA:283,0
DA:285,0
DA:288,0
DA:291,0
DA:295,0
DA:298,0
DA:301,0
DA:305,0
DA:308,0
DA:311,0
DA:315,0
DA:317,0
DA:320,0
DA:323,0
DA:327,0
DA:330,0
DA:333,0
DA:335,0
DA:338,0
DA:341,0
DA:344,0
DA:348,0
DA:352,0
DA:354,0
DA:357,0
DA:360,0
DA:363,0
DA:366,0
DA:369,0
DA:372,0
DA:375,0
DA:378,0
DA:380,0
DA:383,0
DA:386,0
DA:389,0
DA:392,0
DA:395,0
DA:398,0
DA:401,0
DA:404,0
DA:406,0
DA:409,0
DA:411,0
DA:414,0
DA:416,0
DA:419,0
DA:423,0
DA:426,0
DA:428,0
DA:431,0
DA:434,0
DA:436,0
DA:439,0
DA:441,0
DA:444,0
DA:446,0
DA:449,0
DA:451,0
DA:454,0
DA:456,0
DA:459,0
DA:461,0
DA:464,0
DA:466,0
DA:469,0
DA:471,0
DA:474,0
DA:476,0
DA:479,0
DA:481,0
DA:484,0
DA:487,0
DA:490,0
DA:493,0
DA:495,0
DA:498,0
DA:501,0
DA:504,0
DA:507,0
DA:510,0
DA:513,0
DA:516,0
DA:519,0
DA:522,0
DA:524,0
DA:527,0
DA:529,0
DA:532,0
DA:534,0
DA:537,0
DA:539,0
DA:542,0
DA:545,0
DA:547,0
DA:550,0
DA:552,0
DA:555,0
DA:557,0
DA:560,0
DA:562,0
DA:565,0
DA:568,0
DA:572,0
DA:574,0
DA:577,0
DA:579,0
DA:582,0
DA:584,0
DA:587,0
DA:589,0
DA:592,0
DA:594,0
DA:597,0
DA:600,0
DA:603,0
DA:606,0
DA:608,0
DA:611,0
DA:613,0
DA:616,0
DA:619,0
DA:622,0
DA:625,0
DA:627,0
DA:630,0
DA:632,0
DA:635,0
DA:637,0
DA:640,0
DA:643,0
DA:646,0
DA:649,0
DA:652,0
LF:225
LH:0
end_of_record
SF:lib/l10n/app_localizations_ja.dart
DA:9,0
DA:11,0
DA:14,0
DA:17,0
DA:20,0
DA:23,0
DA:26,0
DA:29,0
DA:32,0
DA:35,0
DA:38,0
DA:41,0
DA:44,0
DA:47,0
DA:50,0
DA:53,0
DA:56,0
DA:59,0
DA:62,0
DA:65,0
DA:68,0
DA:71,0
DA:74,0
DA:77,0
DA:80,0
DA:82,0
DA:85,0
DA:88,0
DA:91,0
DA:94,0
DA:97,0
DA:100,0
DA:102,0
DA:105,0
DA:108,0
DA:111,0
DA:115,0
DA:118,0
DA:122,0
DA:125,0
DA:128,0
DA:131,0
DA:134,0
DA:138,0
DA:142,0
DA:145,0
DA:148,0
DA:151,0
DA:154,0
DA:157,0
DA:160,0
DA:163,0
DA:166,0
DA:169,0
DA:172,0
DA:175,0
DA:178,0
DA:181,0
DA:184,0
DA:187,0
DA:190,0
DA:193,0
DA:196,0
DA:199,0
DA:202,0
DA:205,0
DA:207,0
DA:210,0
DA:213,0
DA:217,0
DA:220,0
DA:223,0
DA:226,0
DA:229,0
DA:233,0
DA:235,0
DA:238,0
DA:241,0
DA:244,0
DA:247,0
DA:250,0
DA:253,0
DA:256,0
DA:259,0
DA:262,0
DA:265,0
DA:268,0
DA:271,0
DA:273,0
DA:276,0
DA:279,0
DA:283,0
DA:285,0
DA:288,0
DA:291,0
DA:295,0
DA:298,0
DA:301,0
DA:305,0
DA:308,0
DA:311,0
DA:315,0
DA:317,0
DA:320,0
DA:323,0
DA:327,0
DA:330,0
DA:333,0
DA:335,0
DA:338,0
DA:341,0
DA:344,0
DA:348,0
DA:352,0
DA:354,0
DA:357,0
DA:360,0
DA:363,0
DA:366,0
DA:369,0
DA:372,0
DA:375,0
DA:378,0
DA:380,0
DA:383,0
DA:386,0
DA:389,0
DA:392,0
DA:395,0
DA:398,0
DA:401,0
DA:404,0
DA:406,0
DA:409,0
DA:411,0
DA:414,0
DA:416,0
DA:419,0
DA:423,0
DA:426,0
DA:428,0
DA:431,0
DA:434,0
DA:436,0
DA:439,0
DA:441,0
DA:444,0
DA:446,0
DA:449,0
DA:451,0
DA:454,0
DA:456,0
DA:459,0
DA:461,0
DA:464,0
DA:466,0
DA:469,0
DA:471,0
DA:474,0
DA:476,0
DA:479,0
DA:481,0
DA:484,0
DA:487,0
DA:490,0
DA:493,0
DA:495,0
DA:498,0
DA:501,0
DA:504,0
DA:507,0
DA:510,0
DA:513,0
DA:516,0
DA:519,0
DA:522,0
DA:524,0
DA:527,0
DA:529,0
DA:532,0
DA:534,0
DA:537,0
DA:539,0
DA:542,0
DA:545,0
DA:547,0
DA:550,0
DA:552,0
DA:555,0
DA:557,0
DA:560,0
DA:562,0
DA:565,0
DA:568,0
DA:572,0
DA:574,0
DA:577,0
DA:579,0
DA:582,0
DA:584,0
DA:587,0
DA:589,0
DA:592,0
DA:594,0
DA:597,0
DA:600,0
DA:603,0
DA:606,0
DA:608,0
DA:611,0
DA:613,0
DA:616,0
DA:619,0
DA:622,0
DA:625,0
DA:627,0
DA:630,0
DA:632,0
DA:635,0
DA:637,0
DA:640,0
DA:643,0
DA:646,0
DA:649,0
DA:652,0
LF:225
LH:0
end_of_record
SF:lib/l10n/app_localizations_ko.dart
DA:9,0
DA:11,0
DA:14,0
DA:17,0
DA:20,0
DA:23,0
DA:26,0
DA:29,0
DA:32,0
DA:35,0
DA:38,0
DA:41,0
DA:44,0
DA:47,0
DA:50,0
DA:53,0
DA:56,0
DA:59,0
DA:62,0
DA:65,0
DA:68,0
DA:71,0
DA:74,0
DA:77,0
DA:80,0
DA:82,0
DA:85,0
DA:88,0
DA:91,0
DA:94,0
DA:97,0
DA:100,0
DA:102,0
DA:105,0
DA:108,0
DA:111,0
DA:115,0
DA:118,0
DA:122,0
DA:125,0
DA:128,0
DA:131,0
DA:134,0
DA:138,0
DA:142,0
DA:145,0
DA:148,0
DA:151,0
DA:154,0
DA:157,0
DA:160,0
DA:163,0
DA:166,0
DA:169,0
DA:172,0
DA:175,0
DA:178,0
DA:181,0
DA:184,0
DA:187,0
DA:190,0
DA:193,0
DA:196,0
DA:199,0
DA:202,0
DA:205,0
DA:207,0
DA:210,0
DA:213,0
DA:217,0
DA:220,0
DA:223,0
DA:226,0
DA:229,0
DA:233,0
DA:235,0
DA:238,0
DA:241,0
DA:244,0
DA:247,0
DA:250,0
DA:253,0
DA:256,0
DA:259,0
DA:262,0
DA:265,0
DA:268,0
DA:271,0
DA:273,0
DA:276,0
DA:279,0
DA:283,0
DA:285,0
DA:288,0
DA:291,0
DA:295,0
DA:298,0
DA:301,0
DA:305,0
DA:308,0
DA:311,0
DA:315,0
DA:317,0
DA:320,0
DA:323,0
DA:327,0
DA:330,0
DA:333,0
DA:335,0
DA:338,0
DA:341,0
DA:344,0
DA:348,0
DA:352,0
DA:354,0
DA:357,0
DA:360,0
DA:363,0
DA:366,0
DA:369,0
DA:372,0
DA:375,0
DA:378,0
DA:380,0
DA:383,0
DA:386,0
DA:389,0
DA:392,0
DA:395,0
DA:398,0
DA:401,0
DA:404,0
DA:406,0
DA:409,0
DA:411,0
DA:414,0
DA:416,0
DA:419,0
DA:423,0
DA:426,0
DA:428,0
DA:431,0
DA:434,0
DA:436,0
DA:439,0
DA:441,0
DA:444,0
DA:446,0
DA:449,0
DA:451,0
DA:454,0
DA:456,0
DA:459,0
DA:461,0
DA:464,0
DA:466,0
DA:469,0
DA:471,0
DA:474,0
DA:476,0
DA:479,0
DA:481,0
DA:484,0
DA:487,0
DA:490,0
DA:493,0
DA:495,0
DA:498,0
DA:501,0
DA:504,0
DA:507,0
DA:510,0
DA:513,0
DA:516,0
DA:519,0
DA:522,0
DA:524,0
DA:527,0
DA:529,0
DA:532,0
DA:534,0
DA:537,0
DA:539,0
DA:542,0
DA:545,0
DA:547,0
DA:550,0
DA:552,0
DA:555,0
DA:557,0
DA:560,0
DA:562,0
DA:565,0
DA:568,0
DA:572,0
DA:574,0
DA:577,0
DA:579,0
DA:582,0
DA:584,0
DA:587,0
DA:589,0
DA:592,0
DA:594,0
DA:597,0
DA:600,0
DA:603,0
DA:606,0
DA:608,0
DA:611,0
DA:613,0
DA:616,0
DA:619,0
DA:622,0
DA:625,0
DA:627,0
DA:630,0
DA:632,0
DA:635,0
DA:637,0
DA:640,0
DA:643,0
DA:646,0
DA:649,0
DA:652,0
LF:225
LH:0
end_of_record
SF:lib/l10n/app_localizations_lt.dart
DA:9,0
DA:11,0
DA:14,0
DA:17,0
DA:20,0
DA:23,0
DA:26,0
DA:29,0
DA:32,0
DA:35,0
DA:38,0
DA:41,0
DA:44,0
DA:47,0
DA:50,0
DA:53,0
DA:56,0
DA:59,0
DA:62,0
DA:65,0
DA:68,0
DA:71,0
DA:74,0
DA:77,0
DA:80,0
DA:82,0
DA:85,0
DA:88,0
DA:91,0
DA:94,0
DA:97,0
DA:100,0
DA:102,0
DA:105,0
DA:108,0
DA:111,0
DA:115,0
DA:118,0
DA:122,0
DA:125,0
DA:128,0
DA:131,0
DA:134,0
DA:138,0
DA:142,0
DA:145,0
DA:148,0
DA:151,0
DA:154,0
DA:157,0
DA:160,0
DA:163,0
DA:166,0
DA:169,0
DA:172,0
DA:175,0
DA:178,0
DA:181,0
DA:184,0
DA:187,0
DA:190,0
DA:193,0
DA:196,0
DA:199,0
DA:202,0
DA:205,0
DA:207,0
DA:210,0
DA:213,0
DA:217,0
DA:220,0
DA:223,0
DA:226,0
DA:229,0
DA:233,0
DA:235,0
DA:238,0
DA:241,0
DA:244,0
DA:247,0
DA:250,0
DA:253,0
DA:256,0
DA:259,0
DA:262,0
DA:265,0
DA:268,0
DA:271,0
DA:273,0
DA:276,0
DA:279,0
DA:283,0
DA:285,0
DA:288,0
DA:291,0
DA:295,0
DA:298,0
DA:301,0
DA:305,0
DA:308,0
DA:311,0
DA:315,0
DA:317,0
DA:320,0
DA:323,0
DA:327,0
DA:330,0
DA:333,0
DA:335,0
DA:338,0
DA:341,0
DA:344,0
DA:348,0
DA:352,0
DA:354,0
DA:357,0
DA:360,0
DA:363,0
DA:366,0
DA:369,0
DA:372,0
DA:375,0
DA:378,0
DA:380,0
DA:383,0
DA:386,0
DA:389,0
DA:392,0
DA:395,0
DA:398,0
DA:401,0
DA:404,0
DA:406,0
DA:409,0
DA:411,0
DA:414,0
DA:416,0
DA:419,0
DA:423,0
DA:426,0
DA:428,0
DA:431,0
DA:434,0
DA:436,0
DA:439,0
DA:441,0
DA:444,0
DA:446,0
DA:449,0
DA:451,0
DA:454,0
DA:456,0
DA:459,0
DA:461,0
DA:464,0
DA:466,0
DA:469,0
DA:471,0
DA:474,0
DA:476,0
DA:479,0
DA:481,0
DA:484,0
DA:487,0
DA:490,0
DA:493,0
DA:495,0
DA:498,0
DA:501,0
DA:504,0
DA:507,0
DA:510,0
DA:513,0
DA:516,0
DA:519,0
DA:522,0
DA:524,0
DA:527,0
DA:529,0
DA:532,0
DA:534,0
DA:537,0
DA:539,0
DA:542,0
DA:545,0
DA:547,0
DA:550,0
DA:552,0
DA:555,0
DA:557,0
DA:560,0
DA:562,0
DA:565,0
DA:568,0
DA:572,0
DA:574,0
DA:577,0
DA:579,0
DA:582,0
DA:584,0
DA:587,0
DA:589,0
DA:592,0
DA:594,0
DA:597,0
DA:600,0
DA:603,0
DA:606,0
DA:608,0
DA:611,0
DA:613,0
DA:616,0
DA:619,0
DA:622,0
DA:625,0
DA:627,0
DA:630,0
DA:632,0
DA:635,0
DA:637,0
DA:640,0
DA:643,0
DA:646,0
DA:649,0
DA:652,0
LF:225
LH:0
end_of_record
SF:lib/l10n/app_localizations_ms.dart
DA:9,0
DA:11,0
DA:14,0
DA:17,0
DA:20,0
DA:23,0
DA:26,0
DA:29,0
DA:32,0
DA:35,0
DA:38,0
DA:41,0
DA:44,0
DA:47,0
DA:50,0
DA:53,0
DA:56,0
DA:59,0
DA:62,0
DA:65,0
DA:68,0
DA:71,0
DA:74,0
DA:77,0
DA:80,0
DA:82,0
DA:85,0
DA:88,0
DA:91,0
DA:94,0
DA:97,0
DA:100,0
DA:102,0
DA:105,0
DA:108,0
DA:111,0
DA:115,0
DA:118,0
DA:122,0
DA:125,0
DA:128,0
DA:131,0
DA:134,0
DA:138,0
DA:142,0
DA:145,0
DA:148,0
DA:151,0
DA:154,0
DA:157,0
DA:160,0
DA:163,0
DA:166,0
DA:169,0
DA:172,0
DA:175,0
DA:178,0
DA:181,0
DA:184,0
DA:187,0
DA:190,0
DA:193,0
DA:196,0
DA:199,0
DA:202,0
DA:205,0
DA:207,0
DA:210,0
DA:213,0
DA:217,0
DA:220,0
DA:223,0
DA:226,0
DA:229,0
DA:233,0
DA:235,0
DA:238,0
DA:241,0
DA:244,0
DA:247,0
DA:250,0
DA:253,0
DA:256,0
DA:259,0
DA:262,0
DA:265,0
DA:268,0
DA:271,0
DA:273,0
DA:276,0
DA:279,0
DA:283,0
DA:285,0
DA:288,0
DA:291,0
DA:295,0
DA:298,0
DA:301,0
DA:305,0
DA:308,0
DA:311,0
DA:315,0
DA:317,0
DA:320,0
DA:323,0
DA:327,0
DA:330,0
DA:333,0
DA:335,0
DA:338,0
DA:341,0
DA:344,0
DA:348,0
DA:352,0
DA:354,0
DA:357,0
DA:360,0
DA:363,0
DA:366,0
DA:369,0
DA:372,0
DA:375,0
DA:378,0
DA:380,0
DA:383,0
DA:386,0
DA:389,0
DA:392,0
DA:395,0
DA:398,0
DA:401,0
DA:404,0
DA:406,0
DA:409,0
DA:411,0
DA:414,0
DA:416,0
DA:419,0
DA:423,0
DA:426,0
DA:428,0
DA:431,0
DA:434,0
DA:436,0
DA:439,0
DA:441,0
DA:444,0
DA:446,0
DA:449,0
DA:451,0
DA:454,0
DA:456,0
DA:459,0
DA:461,0
DA:464,0
DA:466,0
DA:469,0
DA:471,0
DA:474,0
DA:476,0
DA:479,0
DA:481,0
DA:484,0
DA:487,0
DA:490,0
DA:493,0
DA:495,0
DA:498,0
DA:501,0
DA:504,0
DA:507,0
DA:510,0
DA:513,0
DA:516,0
DA:519,0
DA:522,0
DA:524,0
DA:527,0
DA:529,0
DA:532,0
DA:534,0
DA:537,0
DA:539,0
DA:542,0
DA:545,0
DA:547,0
DA:550,0
DA:552,0
DA:555,0
DA:557,0
DA:560,0
DA:562,0
DA:565,0
DA:568,0
DA:572,0
DA:574,0
DA:577,0
DA:579,0
DA:582,0
DA:584,0
DA:587,0
DA:589,0
DA:592,0
DA:594,0
DA:597,0
DA:600,0
DA:603,0
DA:606,0
DA:608,0
DA:611,0
DA:613,0
DA:616,0
DA:619,0
DA:622,0
DA:625,0
DA:627,0
DA:630,0
DA:632,0
DA:635,0
DA:637,0
DA:640,0
DA:643,0
DA:646,0
DA:649,0
DA:652,0
LF:225
LH:0
end_of_record
SF:lib/l10n/app_localizations_nl.dart
DA:9,0
DA:11,0
DA:14,0
DA:17,0
DA:20,0
DA:23,0
DA:26,0
DA:29,0
DA:32,0
DA:35,0
DA:38,0
DA:41,0
DA:44,0
DA:47,0
DA:50,0
DA:53,0
DA:56,0
DA:59,0
DA:62,0
DA:65,0
DA:68,0
DA:71,0
DA:74,0
DA:77,0
DA:80,0
DA:82,0
DA:85,0
DA:88,0
DA:91,0
DA:94,0
DA:97,0
DA:100,0
DA:102,0
DA:105,0
DA:108,0
DA:111,0
DA:115,0
DA:118,0
DA:122,0
DA:125,0
DA:128,0
DA:131,0
DA:134,0
DA:138,0
DA:142,0
DA:145,0
DA:148,0
DA:151,0
DA:154,0
DA:157,0
DA:160,0
DA:163,0
DA:166,0
DA:169,0
DA:172,0
DA:175,0
DA:178,0
DA:181,0
DA:184,0
DA:187,0
DA:190,0
DA:193,0
DA:196,0
DA:199,0
DA:202,0
DA:205,0
DA:207,0
DA:210,0
DA:213,0
DA:217,0
DA:220,0
DA:223,0
DA:226,0
DA:229,0
DA:233,0
DA:235,0
DA:238,0
DA:241,0
DA:244,0
DA:247,0
DA:250,0
DA:253,0
DA:256,0
DA:259,0
DA:262,0
DA:265,0
DA:268,0
DA:271,0
DA:273,0
DA:276,0
DA:279,0
DA:283,0
DA:285,0
DA:288,0
DA:291,0
DA:295,0
DA:298,0
DA:301,0
DA:305,0
DA:308,0
DA:311,0
DA:315,0
DA:317,0
DA:320,0
DA:323,0
DA:327,0
DA:330,0
DA:333,0
DA:335,0
DA:338,0
DA:341,0
DA:344,0
DA:348,0
DA:352,0
DA:354,0
DA:357,0
DA:360,0
DA:363,0
DA:366,0
DA:369,0
DA:372,0
DA:375,0
DA:378,0
DA:380,0
DA:383,0
DA:386,0
DA:389,0
DA:392,0
DA:395,0
DA:398,0
DA:401,0
DA:404,0
DA:406,0
DA:409,0
DA:411,0
DA:414,0
DA:416,0
DA:419,0
DA:423,0
DA:426,0
DA:428,0
DA:431,0
DA:434,0
DA:436,0
DA:439,0
DA:441,0
DA:444,0
DA:446,0
DA:449,0
DA:451,0
DA:454,0
DA:456,0
DA:459,0
DA:461,0
DA:464,0
DA:466,0
DA:469,0
DA:471,0
DA:474,0
DA:476,0
DA:479,0
DA:481,0
DA:484,0
DA:487,0
DA:490,0
DA:493,0
DA:495,0
DA:498,0
DA:501,0
DA:504,0
DA:507,0
DA:510,0
DA:513,0
DA:516,0
DA:519,0
DA:522,0
DA:524,0
DA:527,0
DA:529,0
DA:532,0
DA:534,0
DA:537,0
DA:539,0
DA:542,0
DA:545,0
DA:547,0
DA:550,0
DA:552,0
DA:555,0
DA:557,0
DA:560,0
DA:562,0
DA:565,0
DA:568,0
DA:572,0
DA:574,0
DA:577,0
DA:579,0
DA:582,0
DA:584,0
DA:587,0
DA:589,0
DA:592,0
DA:594,0
DA:597,0
DA:600,0
DA:603,0
DA:606,0
DA:608,0
DA:611,0
DA:613,0
DA:616,0
DA:619,0
DA:622,0
DA:625,0
DA:627,0
DA:630,0
DA:632,0
DA:635,0
DA:637,0
DA:640,0
DA:643,0
DA:646,0
DA:649,0
DA:652,0
LF:225
LH:0
end_of_record
SF:lib/l10n/app_localizations_no.dart
DA:9,0
DA:11,0
DA:14,0
DA:17,0
DA:20,0
DA:23,0
DA:26,0
DA:29,0
DA:32,0
DA:35,0
DA:38,0
DA:41,0
DA:44,0
DA:47,0
DA:50,0
DA:53,0
DA:56,0
DA:59,0
DA:62,0
DA:65,0
DA:68,0
DA:71,0
DA:74,0
DA:77,0
DA:80,0
DA:82,0
DA:85,0
DA:88,0
DA:91,0
DA:94,0
DA:97,0
DA:100,0
DA:102,0
DA:105,0
DA:108,0
DA:111,0
DA:115,0
DA:118,0
DA:122,0
DA:125,0
DA:128,0
DA:131,0
DA:134,0
DA:138,0
DA:142,0
DA:145,0
DA:148,0
DA:151,0
DA:154,0
DA:157,0
DA:160,0
DA:163,0
DA:166,0
DA:169,0
DA:172,0
DA:175,0
DA:178,0
DA:181,0
DA:184,0
DA:187,0
DA:190,0
DA:193,0
DA:196,0
DA:199,0
DA:202,0
DA:205,0
DA:207,0
DA:210,0
DA:213,0
DA:217,0
DA:220,0
DA:223,0
DA:226,0
DA:229,0
DA:233,0
DA:235,0
DA:238,0
DA:241,0
DA:244,0
DA:247,0
DA:250,0
DA:253,0
DA:256,0
DA:259,0
DA:262,0
DA:265,0
DA:268,0
DA:271,0
DA:273,0
DA:276,0
DA:279,0
DA:283,0
DA:285,0
DA:288,0
DA:291,0
DA:295,0
DA:298,0
DA:301,0
DA:305,0
DA:308,0
DA:311,0
DA:315,0
DA:317,0
DA:320,0
DA:323,0
DA:327,0
DA:330,0
DA:333,0
DA:335,0
DA:338,0
DA:341,0
DA:344,0
DA:348,0
DA:352,0
DA:354,0
DA:357,0
DA:360,0
DA:363,0
DA:366,0
DA:369,0
DA:372,0
DA:375,0
DA:378,0
DA:380,0
DA:383,0
DA:386,0
DA:389,0
DA:392,0
DA:395,0
DA:398,0
DA:401,0
DA:404,0
DA:406,0
DA:409,0
DA:411,0
DA:414,0
DA:416,0
DA:419,0
DA:423,0
DA:426,0
DA:428,0
DA:431,0
DA:434,0
DA:436,0
DA:439,0
DA:441,0
DA:444,0
DA:446,0
DA:449,0
DA:451,0
DA:454,0
DA:456,0
DA:459,0
DA:461,0
DA:464,0
DA:466,0
DA:469,0
DA:471,0
DA:474,0
DA:476,0
DA:479,0
DA:481,0
DA:484,0
DA:487,0
DA:490,0
DA:493,0
DA:495,0
DA:498,0
DA:501,0
DA:504,0
DA:507,0
DA:510,0
DA:513,0
DA:516,0
DA:519,0
DA:522,0
DA:524,0
DA:527,0
DA:529,0
DA:532,0
DA:534,0
DA:537,0
DA:539,0
DA:542,0
DA:545,0
DA:547,0
DA:550,0
DA:552,0
DA:555,0
DA:557,0
DA:560,0
DA:562,0
DA:565,0
DA:568,0
DA:572,0
DA:574,0
DA:577,0
DA:579,0
DA:582,0
DA:584,0
DA:587,0
DA:589,0
DA:592,0
DA:594,0
DA:597,0
DA:600,0
DA:603,0
DA:606,0
DA:608,0
DA:611,0
DA:613,0
DA:616,0
DA:619,0
DA:622,0
DA:625,0
DA:627,0
DA:630,0
DA:632,0
DA:635,0
DA:637,0
DA:640,0
DA:643,0
DA:646,0
DA:649,0
DA:652,0
LF:225
LH:0
end_of_record
SF:lib/l10n/app_localizations_pl.dart
DA:9,0
DA:11,0
DA:14,0
DA:17,0
DA:20,0
DA:23,0
DA:26,0
DA:29,0
DA:32,0
DA:35,0
DA:38,0
DA:41,0
DA:44,0
DA:47,0
DA:50,0
DA:53,0
DA:56,0
DA:59,0
DA:62,0
DA:65,0
DA:68,0
DA:71,0
DA:74,0
DA:77,0
DA:80,0
DA:82,0
DA:85,0
DA:88,0
DA:91,0
DA:94,0
DA:97,0
DA:100,0
DA:102,0
DA:105,0
DA:108,0
DA:111,0
DA:115,0
DA:118,0
DA:122,0
DA:125,0
DA:128,0
DA:131,0
DA:134,0
DA:138,0
DA:142,0
DA:145,0
DA:148,0
DA:151,0
DA:154,0
DA:157,0
DA:160,0
DA:163,0
DA:166,0
DA:169,0
DA:172,0
DA:175,0
DA:178,0
DA:181,0
DA:184,0
DA:187,0
DA:190,0
DA:193,0
DA:196,0
DA:199,0
DA:202,0
DA:205,0
DA:207,0
DA:210,0
DA:213,0
DA:217,0
DA:220,0
DA:223,0
DA:226,0
DA:229,0
DA:233,0
DA:235,0
DA:238,0
DA:241,0
DA:244,0
DA:247,0
DA:250,0
DA:253,0
DA:256,0
DA:259,0
DA:262,0
DA:265,0
DA:268,0
DA:271,0
DA:273,0
DA:276,0
DA:279,0
DA:283,0
DA:285,0
DA:288,0
DA:291,0
DA:295,0
DA:298,0
DA:301,0
DA:305,0
DA:308,0
DA:311,0
DA:315,0
DA:317,0
DA:320,0
DA:323,0
DA:327,0
DA:330,0
DA:333,0
DA:335,0
DA:338,0
DA:341,0
DA:344,0
DA:348,0
DA:352,0
DA:354,0
DA:357,0
DA:360,0
DA:363,0
DA:366,0
DA:369,0
DA:372,0
DA:375,0
DA:378,0
DA:380,0
DA:383,0
DA:386,0
DA:389,0
DA:392,0
DA:395,0
DA:398,0
DA:401,0
DA:404,0
DA:406,0
DA:409,0
DA:411,0
DA:414,0
DA:416,0
DA:419,0
DA:423,0
DA:426,0
DA:428,0
DA:431,0
DA:434,0
DA:436,0
DA:439,0
DA:441,0
DA:444,0
DA:446,0
DA:449,0
DA:451,0
DA:454,0
DA:456,0
DA:459,0
DA:461,0
DA:464,0
DA:466,0
DA:469,0
DA:471,0
DA:474,0
DA:476,0
DA:479,0
DA:481,0
DA:484,0
DA:487,0
DA:490,0
DA:493,0
DA:495,0
DA:498,0
DA:501,0
DA:504,0
DA:507,0
DA:510,0
DA:513,0
DA:516,0
DA:519,0
DA:522,0
DA:524,0
DA:527,0
DA:529,0
DA:532,0
DA:534,0
DA:537,0
DA:539,0
DA:542,0
DA:545,0
DA:547,0
DA:550,0
DA:552,0
DA:555,0
DA:557,0
DA:560,0
DA:562,0
DA:565,0
DA:568,0
DA:572,0
DA:574,0
DA:577,0
DA:579,0
DA:582,0
DA:584,0
DA:587,0
DA:589,0
DA:592,0
DA:594,0
DA:597,0
DA:600,0
DA:603,0
DA:606,0
DA:608,0
DA:611,0
DA:613,0
DA:616,0
DA:619,0
DA:622,0
DA:625,0
DA:627,0
DA:630,0
DA:632,0
DA:635,0
DA:637,0
DA:640,0
DA:643,0
DA:646,0
DA:649,0
DA:652,0
LF:225
LH:0
end_of_record
SF:lib/l10n/app_localizations_pt.dart
DA:9,0
DA:11,0
DA:14,0
DA:17,0
DA:20,0
DA:23,0
DA:26,0
DA:29,0
DA:32,0
DA:35,0
DA:38,0
DA:41,0
DA:44,0
DA:47,0
DA:50,0
DA:53,0
DA:56,0
DA:59,0
DA:62,0
DA:65,0
DA:68,0
DA:71,0
DA:74,0
DA:77,0
DA:80,0
DA:82,0
DA:85,0
DA:88,0
DA:91,0
DA:94,0
DA:97,0
DA:100,0
DA:102,0
DA:105,0
DA:108,0
DA:111,0
DA:115,0
DA:118,0
DA:122,0
DA:125,0
DA:128,0
DA:131,0
DA:134,0
DA:138,0
DA:142,0
DA:145,0
DA:148,0
DA:151,0
DA:154,0
DA:157,0
DA:160,0
DA:163,0
DA:166,0
DA:169,0
DA:172,0
DA:175,0
DA:178,0
DA:181,0
DA:184,0
DA:187,0
DA:190,0
DA:193,0
DA:196,0
DA:199,0
DA:202,0
DA:205,0
DA:207,0
DA:210,0
DA:213,0
DA:217,0
DA:220,0
DA:223,0
DA:226,0
DA:229,0
DA:233,0
DA:235,0
DA:238,0
DA:241,0
DA:244,0
DA:247,0
DA:250,0
DA:253,0
DA:256,0
DA:259,0
DA:262,0
DA:265,0
DA:268,0
DA:271,0
DA:273,0
DA:276,0
DA:279,0
DA:283,0
DA:285,0
DA:288,0
DA:291,0
DA:295,0
DA:298,0
DA:301,0
DA:305,0
DA:308,0
DA:311,0
DA:315,0
DA:317,0
DA:320,0
DA:323,0
DA:327,0
DA:330,0
DA:333,0
DA:335,0
DA:338,0
DA:341,0
DA:344,0
DA:348,0
DA:352,0
DA:354,0
DA:357,0
DA:360,0
DA:363,0
DA:366,0
DA:369,0
DA:372,0
DA:375,0
DA:378,0
DA:380,0
DA:383,0
DA:386,0
DA:389,0
DA:392,0
DA:395,0
DA:398,0
DA:401,0
DA:404,0
DA:406,0
DA:409,0
DA:411,0
DA:414,0
DA:416,0
DA:419,0
DA:423,0
DA:426,0
DA:428,0
DA:431,0
DA:434,0
DA:436,0
DA:439,0
DA:441,0
DA:444,0
DA:446,0
DA:449,0
DA:451,0
DA:454,0
DA:456,0
DA:459,0
DA:461,0
DA:464,0
DA:466,0
DA:469,0
DA:471,0
DA:474,0
DA:476,0
DA:479,0
DA:481,0
DA:484,0
DA:487,0
DA:490,0
DA:493,0
DA:495,0
DA:498,0
DA:501,0
DA:504,0
DA:507,0
DA:510,0
DA:513,0
DA:516,0
DA:519,0
DA:522,0
DA:524,0
DA:527,0
DA:529,0
DA:532,0
DA:534,0
DA:537,0
DA:539,0
DA:542,0
DA:545,0
DA:547,0
DA:550,0
DA:552,0
DA:555,0
DA:557,0
DA:560,0
DA:562,0
DA:565,0
DA:568,0
DA:572,0
DA:574,0
DA:577,0
DA:579,0
DA:582,0
DA:584,0
DA:587,0
DA:589,0
DA:592,0
DA:594,0
DA:597,0
DA:600,0
DA:603,0
DA:606,0
DA:608,0
DA:611,0
DA:613,0
DA:616,0
DA:619,0
DA:622,0
DA:625,0
DA:627,0
DA:630,0
DA:632,0
DA:635,0
DA:637,0
DA:640,0
DA:643,0
DA:646,0
DA:649,0
DA:652,0
LF:225
LH:0
end_of_record
SF:lib/l10n/app_localizations_ro.dart
DA:9,0
DA:11,0
DA:14,0
DA:17,0
DA:20,0
DA:23,0
DA:26,0
DA:29,0
DA:32,0
DA:35,0
DA:38,0
DA:41,0
DA:44,0
DA:47,0
DA:50,0
DA:53,0
DA:56,0
DA:59,0
DA:62,0
DA:65,0
DA:68,0
DA:71,0
DA:74,0
DA:77,0
DA:80,0
DA:82,0
DA:85,0
DA:88,0
DA:91,0
DA:94,0
DA:97,0
DA:100,0
DA:102,0
DA:105,0
DA:108,0
DA:111,0
DA:115,0
DA:118,0
DA:122,0
DA:125,0
DA:128,0
DA:131,0
DA:134,0
DA:138,0
DA:142,0
DA:145,0
DA:148,0
DA:151,0
DA:154,0
DA:157,0
DA:160,0
DA:163,0
DA:166,0
DA:169,0
DA:172,0
DA:175,0
DA:178,0
DA:181,0
DA:184,0
DA:187,0
DA:190,0
DA:193,0
DA:196,0
DA:199,0
DA:202,0
DA:205,0
DA:207,0
DA:210,0
DA:213,0
DA:217,0
DA:220,0
DA:223,0
DA:226,0
DA:229,0
DA:233,0
DA:235,0
DA:238,0
DA:241,0
DA:244,0
DA:247,0
DA:250,0
DA:253,0
DA:256,0
DA:259,0
DA:262,0
DA:265,0
DA:268,0
DA:271,0
DA:273,0
DA:276,0
DA:279,0
DA:283,0
DA:285,0
DA:288,0
DA:291,0
DA:295,0
DA:298,0
DA:301,0
DA:305,0
DA:308,0
DA:311,0
DA:315,0
DA:317,0
DA:320,0
DA:323,0
DA:327,0
DA:330,0
DA:333,0
DA:335,0
DA:338,0
DA:341,0
DA:344,0
DA:348,0
DA:352,0
DA:354,0
DA:357,0
DA:360,0
DA:363,0
DA:366,0
DA:369,0
DA:372,0
DA:375,0
DA:378,0
DA:380,0
DA:383,0
DA:386,0
DA:389,0
DA:392,0
DA:395,0
DA:398,0
DA:401,0
DA:404,0
DA:406,0
DA:409,0
DA:411,0
DA:414,0
DA:416,0
DA:419,0
DA:423,0
DA:426,0
DA:428,0
DA:431,0
DA:434,0
DA:436,0
DA:439,0
DA:441,0
DA:444,0
DA:446,0
DA:449,0
DA:451,0
DA:454,0
DA:456,0
DA:459,0
DA:461,0
DA:464,0
DA:466,0
DA:469,0
DA:471,0
DA:474,0
DA:476,0
DA:479,0
DA:481,0
DA:484,0
DA:487,0
DA:490,0
DA:493,0
DA:495,0
DA:498,0
DA:501,0
DA:504,0
DA:507,0
DA:510,0
DA:513,0
DA:516,0
DA:519,0
DA:522,0
DA:524,0
DA:527,0
DA:529,0
DA:532,0
DA:534,0
DA:537,0
DA:539,0
DA:542,0
DA:545,0
DA:547,0
DA:550,0
DA:552,0
DA:555,0
DA:557,0
DA:560,0
DA:562,0
DA:565,0
DA:568,0
DA:572,0
DA:574,0
DA:577,0
DA:579,0
DA:582,0
DA:584,0
DA:587,0
DA:589,0
DA:592,0
DA:594,0
DA:597,0
DA:600,0
DA:603,0
DA:606,0
DA:608,0
DA:611,0
DA:613,0
DA:616,0
DA:619,0
DA:622,0
DA:625,0
DA:627,0
DA:630,0
DA:632,0
DA:635,0
DA:637,0
DA:640,0
DA:643,0
DA:646,0
DA:649,0
DA:652,0
LF:225
LH:0
end_of_record
SF:lib/l10n/app_localizations_ru.dart
DA:9,0
DA:11,0
DA:14,0
DA:17,0
DA:20,0
DA:23,0
DA:26,0
DA:29,0
DA:32,0
DA:35,0
DA:38,0
DA:41,0
DA:44,0
DA:47,0
DA:50,0
DA:53,0
DA:56,0
DA:59,0
DA:62,0
DA:65,0
DA:68,0
DA:71,0
DA:74,0
DA:77,0
DA:80,0
DA:82,0
DA:85,0
DA:88,0
DA:91,0
DA:94,0
DA:97,0
DA:100,0
DA:102,0
DA:105,0
DA:108,0
DA:111,0
DA:115,0
DA:118,0
DA:122,0
DA:125,0
DA:128,0
DA:131,0
DA:134,0
DA:138,0
DA:142,0
DA:145,0
DA:148,0
DA:151,0
DA:154,0
DA:157,0
DA:160,0
DA:163,0
DA:166,0
DA:169,0
DA:172,0
DA:175,0
DA:178,0
DA:181,0
DA:184,0
DA:187,0
DA:190,0
DA:193,0
DA:196,0
DA:199,0
DA:202,0
DA:205,0
DA:207,0
DA:210,0
DA:213,0
DA:217,0
DA:220,0
DA:223,0
DA:226,0
DA:229,0
DA:233,0
DA:235,0
DA:238,0
DA:241,0
DA:244,0
DA:247,0
DA:250,0
DA:253,0
DA:256,0
DA:259,0
DA:262,0
DA:265,0
DA:268,0
DA:271,0
DA:273,0
DA:276,0
DA:279,0
DA:283,0
DA:285,0
DA:288,0
DA:291,0
DA:295,0
DA:298,0
DA:301,0
DA:305,0
DA:308,0
DA:311,0
DA:315,0
DA:317,0
DA:320,0
DA:323,0
DA:327,0
DA:330,0
DA:333,0
DA:335,0
DA:338,0
DA:341,0
DA:344,0
DA:348,0
DA:352,0
DA:354,0
DA:357,0
DA:360,0
DA:363,0
DA:366,0
DA:369,0
DA:372,0
DA:375,0
DA:378,0
DA:380,0
DA:383,0
DA:386,0
DA:389,0
DA:392,0
DA:395,0
DA:398,0
DA:401,0
DA:404,0
DA:406,0
DA:409,0
DA:411,0
DA:414,0
DA:416,0
DA:419,0
DA:423,0
DA:426,0
DA:428,0
DA:431,0
DA:434,0
DA:436,0
DA:439,0
DA:441,0
DA:444,0
DA:446,0
DA:449,0
DA:451,0
DA:454,0
DA:456,0
DA:459,0
DA:461,0
DA:464,0
DA:466,0
DA:469,0
DA:471,0
DA:474,0
DA:476,0
DA:479,0
DA:481,0
DA:484,0
DA:487,0
DA:490,0
DA:493,0
DA:495,0
DA:498,0
DA:501,0
DA:504,0
DA:507,0
DA:510,0
DA:513,0
DA:516,0
DA:519,0
DA:522,0
DA:524,0
DA:527,0
DA:529,0
DA:532,0
DA:534,0
DA:537,0
DA:539,0
DA:542,0
DA:545,0
DA:547,0
DA:550,0
DA:552,0
DA:555,0
DA:557,0
DA:560,0
DA:562,0
DA:565,0
DA:568,0
DA:572,0
DA:574,0
DA:577,0
DA:579,0
DA:582,0
DA:584,0
DA:587,0
DA:589,0
DA:592,0
DA:594,0
DA:597,0
DA:600,0
DA:603,0
DA:606,0
DA:608,0
DA:611,0
DA:613,0
DA:616,0
DA:619,0
DA:622,0
DA:625,0
DA:627,0
DA:630,0
DA:632,0
DA:635,0
DA:637,0
DA:640,0
DA:643,0
DA:646,0
DA:649,0
DA:652,0
LF:225
LH:0
end_of_record
SF:lib/l10n/app_localizations_sk.dart
DA:9,0
DA:11,0
DA:14,0
DA:17,0
DA:20,0
DA:23,0
DA:26,0
DA:29,0
DA:32,0
DA:35,0
DA:38,0
DA:41,0
DA:44,0
DA:47,0
DA:50,0
DA:53,0
DA:56,0
DA:59,0
DA:62,0
DA:65,0
DA:68,0
DA:71,0
DA:74,0
DA:77,0
DA:80,0
DA:82,0
DA:85,0
DA:88,0
DA:91,0
DA:94,0
DA:97,0
DA:100,0
DA:102,0
DA:105,0
DA:108,0
DA:111,0
DA:115,0
DA:118,0
DA:122,0
DA:125,0
DA:128,0
DA:131,0
DA:134,0
DA:138,0
DA:142,0
DA:145,0
DA:148,0
DA:151,0
DA:154,0
DA:157,0
DA:160,0
DA:163,0
DA:166,0
DA:169,0
DA:172,0
DA:175,0
DA:178,0
DA:181,0
DA:184,0
DA:187,0
DA:190,0
DA:193,0
DA:196,0
DA:199,0
DA:202,0
DA:205,0
DA:207,0
DA:210,0
DA:213,0
DA:217,0
DA:220,0
DA:223,0
DA:226,0
DA:229,0
DA:233,0
DA:235,0
DA:238,0
DA:241,0
DA:244,0
DA:247,0
DA:250,0
DA:253,0
DA:256,0
DA:259,0
DA:262,0
DA:265,0
DA:268,0
DA:271,0
DA:273,0
DA:276,0
DA:279,0
DA:283,0
DA:285,0
DA:288,0
DA:291,0
DA:295,0
DA:298,0
DA:301,0
DA:305,0
DA:308,0
DA:311,0
DA:315,0
DA:317,0
DA:320,0
DA:323,0
DA:327,0
DA:330,0
DA:333,0
DA:335,0
DA:338,0
DA:341,0
DA:344,0
DA:348,0
DA:352,0
DA:354,0
DA:357,0
DA:360,0
DA:363,0
DA:366,0
DA:369,0
DA:372,0
DA:375,0
DA:378,0
DA:380,0
DA:383,0
DA:386,0
DA:389,0
DA:392,0
DA:395,0
DA:398,0
DA:401,0
DA:404,0
DA:406,0
DA:409,0
DA:411,0
DA:414,0
DA:416,0
DA:419,0
DA:423,0
DA:426,0
DA:428,0
DA:431,0
DA:434,0
DA:436,0
DA:439,0
DA:441,0
DA:444,0
DA:446,0
DA:449,0
DA:451,0
DA:454,0
DA:456,0
DA:459,0
DA:461,0
DA:464,0
DA:466,0
DA:469,0
DA:471,0
DA:474,0
DA:476,0
DA:479,0
DA:481,0
DA:484,0
DA:487,0
DA:490,0
DA:493,0
DA:495,0
DA:498,0
DA:501,0
DA:504,0
DA:507,0
DA:510,0
DA:513,0
DA:516,0
DA:519,0
DA:522,0
DA:524,0
DA:527,0
DA:529,0
DA:532,0
DA:534,0
DA:537,0
DA:539,0
DA:542,0
DA:545,0
DA:547,0
DA:550,0
DA:552,0
DA:555,0
DA:557,0
DA:560,0
DA:562,0
DA:565,0
DA:568,0
DA:572,0
DA:574,0
DA:577,0
DA:579,0
DA:582,0
DA:584,0
DA:587,0
DA:589,0
DA:592,0
DA:594,0
DA:597,0
DA:600,0
DA:603,0
DA:606,0
DA:608,0
DA:611,0
DA:613,0
DA:616,0
DA:619,0
DA:622,0
DA:625,0
DA:627,0
DA:630,0
DA:632,0
DA:635,0
DA:637,0
DA:640,0
DA:643,0
DA:646,0
DA:649,0
DA:652,0
LF:225
LH:0
end_of_record
SF:lib/l10n/app_localizations_sl.dart
DA:9,0
DA:11,0
DA:14,0
DA:17,0
DA:20,0
DA:23,0
DA:26,0
DA:29,0
DA:32,0
DA:35,0
DA:38,0
DA:41,0
DA:44,0
DA:47,0
DA:50,0
DA:53,0
DA:56,0
DA:59,0
DA:62,0
DA:65,0
DA:68,0
DA:71,0
DA:74,0
DA:77,0
DA:80,0
DA:82,0
DA:85,0
DA:88,0
DA:91,0
DA:94,0
DA:97,0
DA:100,0
DA:102,0
DA:105,0
DA:108,0
DA:111,0
DA:115,0
DA:118,0
DA:122,0
DA:125,0
DA:128,0
DA:131,0
DA:134,0
DA:138,0
DA:142,0
DA:145,0
DA:148,0
DA:151,0
DA:154,0
DA:157,0
DA:160,0
DA:163,0
DA:166,0
DA:169,0
DA:172,0
DA:175,0
DA:178,0
DA:181,0
DA:184,0
DA:187,0
DA:190,0
DA:193,0
DA:196,0
DA:199,0
DA:202,0
DA:205,0
DA:207,0
DA:210,0
DA:213,0
DA:217,0
DA:220,0
DA:223,0
DA:226,0
DA:229,0
DA:233,0
DA:235,0
DA:238,0
DA:241,0
DA:244,0
DA:247,0
DA:250,0
DA:253,0
DA:256,0
DA:259,0
DA:262,0
DA:265,0
DA:268,0
DA:271,0
DA:273,0
DA:276,0
DA:279,0
DA:283,0
DA:285,0
DA:288,0
DA:291,0
DA:295,0
DA:298,0
DA:301,0
DA:305,0
DA:308,0
DA:311,0
DA:315,0
DA:317,0
DA:320,0
DA:323,0
DA:327,0
DA:330,0
DA:333,0
DA:335,0
DA:338,0
DA:341,0
DA:344,0
DA:348,0
DA:352,0
DA:354,0
DA:357,0
DA:360,0
DA:363,0
DA:366,0
DA:369,0
DA:372,0
DA:375,0
DA:378,0
DA:380,0
DA:383,0
DA:386,0
DA:389,0
DA:392,0
DA:395,0
DA:398,0
DA:401,0
DA:404,0
DA:406,0
DA:409,0
DA:411,0
DA:414,0
DA:416,0
DA:419,0
DA:423,0
DA:426,0
DA:428,0
DA:431,0
DA:434,0
DA:436,0
DA:439,0
DA:441,0
DA:444,0
DA:446,0
DA:449,0
DA:451,0
DA:454,0
DA:456,0
DA:459,0
DA:461,0
DA:464,0
DA:466,0
DA:469,0
DA:471,0
DA:474,0
DA:476,0
DA:479,0
DA:481,0
DA:484,0
DA:487,0
DA:490,0
DA:493,0
DA:495,0
DA:498,0
DA:501,0
DA:504,0
DA:507,0
DA:510,0
DA:513,0
DA:516,0
DA:519,0
DA:522,0
DA:524,0
DA:527,0
DA:529,0
DA:532,0
DA:534,0
DA:537,0
DA:539,0
DA:542,0
DA:545,0
DA:547,0
DA:550,0
DA:552,0
DA:555,0
DA:557,0
DA:560,0
DA:562,0
DA:565,0
DA:568,0
DA:572,0
DA:574,0
DA:577,0
DA:579,0
DA:582,0
DA:584,0
DA:587,0
DA:589,0
DA:592,0
DA:594,0
DA:597,0
DA:600,0
DA:603,0
DA:606,0
DA:608,0
DA:611,0
DA:613,0
DA:616,0
DA:619,0
DA:622,0
DA:625,0
DA:627,0
DA:630,0
DA:632,0
DA:635,0
DA:637,0
DA:640,0
DA:643,0
DA:646,0
DA:649,0
DA:652,0
LF:225
LH:0
end_of_record
SF:lib/l10n/app_localizations_sr.dart
DA:9,0
DA:11,0
DA:14,0
DA:17,0
DA:20,0
DA:23,0
DA:26,0
DA:29,0
DA:32,0
DA:35,0
DA:38,0
DA:41,0
DA:44,0
DA:47,0
DA:50,0
DA:53,0
DA:56,0
DA:59,0
DA:62,0
DA:65,0
DA:68,0
DA:71,0
DA:74,0
DA:77,0
DA:80,0
DA:82,0
DA:85,0
DA:88,0
DA:91,0
DA:94,0
DA:97,0
DA:100,0
DA:102,0
DA:105,0
DA:108,0
DA:111,0
DA:115,0
DA:118,0
DA:122,0
DA:125,0
DA:128,0
DA:131,0
DA:134,0
DA:138,0
DA:142,0
DA:145,0
DA:148,0
DA:151,0
DA:154,0
DA:157,0
DA:160,0
DA:163,0
DA:166,0
DA:169,0
DA:172,0
DA:175,0
DA:178,0
DA:181,0
DA:184,0
DA:187,0
DA:190,0
DA:193,0
DA:196,0
DA:199,0
DA:202,0
DA:205,0
DA:207,0
DA:210,0
DA:213,0
DA:217,0
DA:220,0
DA:223,0
DA:226,0
DA:229,0
DA:233,0
DA:235,0
DA:238,0
DA:241,0
DA:244,0
DA:247,0
DA:250,0
DA:253,0
DA:256,0
DA:259,0
DA:262,0
DA:265,0
DA:268,0
DA:271,0
DA:273,0
DA:276,0
DA:279,0
DA:283,0
DA:285,0
DA:288,0
DA:291,0
DA:295,0
DA:298,0
DA:301,0
DA:305,0
DA:308,0
DA:311,0
DA:315,0
DA:317,0
DA:320,0
DA:323,0
DA:327,0
DA:330,0
DA:333,0
DA:335,0
DA:338,0
DA:341,0
DA:344,0
DA:348,0
DA:352,0
DA:354,0
DA:357,0
DA:360,0
DA:363,0
DA:366,0
DA:369,0
DA:372,0
DA:375,0
DA:378,0
DA:380,0
DA:383,0
DA:386,0
DA:389,0
DA:392,0
DA:395,0
DA:398,0
DA:401,0
DA:404,0
DA:406,0
DA:409,0
DA:411,0
DA:414,0
DA:416,0
DA:419,0
DA:423,0
DA:426,0
DA:428,0
DA:431,0
DA:434,0
DA:436,0
DA:439,0
DA:441,0
DA:444,0
DA:446,0
DA:449,0
DA:451,0
DA:454,0
DA:456,0
DA:459,0
DA:461,0
DA:464,0
DA:466,0
DA:469,0
DA:471,0
DA:474,0
DA:476,0
DA:479,0
DA:481,0
DA:484,0
DA:487,0
DA:490,0
DA:493,0
DA:495,0
DA:498,0
DA:501,0
DA:504,0
DA:507,0
DA:510,0
DA:513,0
DA:516,0
DA:519,0
DA:522,0
DA:524,0
DA:527,0
DA:529,0
DA:532,0
DA:534,0
DA:537,0
DA:539,0
DA:542,0
DA:545,0
DA:547,0
DA:550,0
DA:552,0
DA:555,0
DA:557,0
DA:560,0
DA:562,0
DA:565,0
DA:568,0
DA:572,0
DA:574,0
DA:577,0
DA:579,0
DA:582,0
DA:584,0
DA:587,0
DA:589,0
DA:592,0
DA:594,0
DA:597,0
DA:600,0
DA:603,0
DA:606,0
DA:608,0
DA:611,0
DA:613,0
DA:616,0
DA:619,0
DA:622,0
DA:625,0
DA:627,0
DA:630,0
DA:632,0
DA:635,0
DA:637,0
DA:640,0
DA:643,0
DA:646,0
DA:649,0
DA:652,0
LF:225
LH:0
end_of_record
SF:lib/l10n/app_localizations_sv.dart
DA:9,0
DA:11,0
DA:14,0
DA:17,0
DA:20,0
DA:23,0
DA:26,0
DA:29,0
DA:32,0
DA:35,0
DA:38,0
DA:41,0
DA:44,0
DA:47,0
DA:50,0
DA:53,0
DA:56,0
DA:59,0
DA:62,0
DA:65,0
DA:68,0
DA:71,0
DA:74,0
DA:77,0
DA:80,0
DA:82,0
DA:85,0
DA:88,0
DA:91,0
DA:94,0
DA:97,0
DA:100,0
DA:102,0
DA:105,0
DA:108,0
DA:111,0
DA:115,0
DA:118,0
DA:122,0
DA:125,0
DA:128,0
DA:131,0
DA:134,0
DA:138,0
DA:142,0
DA:145,0
DA:148,0
DA:151,0
DA:154,0
DA:157,0
DA:160,0
DA:163,0
DA:166,0
DA:169,0
DA:172,0
DA:175,0
DA:178,0
DA:181,0
DA:184,0
DA:187,0
DA:190,0
DA:193,0
DA:196,0
DA:199,0
DA:202,0
DA:205,0
DA:207,0
DA:210,0
DA:213,0
DA:217,0
DA:220,0
DA:223,0
DA:226,0
DA:229,0
DA:233,0
DA:235,0
DA:238,0
DA:241,0
DA:244,0
DA:247,0
DA:250,0
DA:253,0
DA:256,0
DA:259,0
DA:262,0
DA:265,0
DA:268,0
DA:271,0
DA:273,0
DA:276,0
DA:279,0
DA:283,0
DA:285,0
DA:288,0
DA:291,0
DA:295,0
DA:298,0
DA:301,0
DA:305,0
DA:308,0
DA:311,0
DA:315,0
DA:317,0
DA:320,0
DA:323,0
DA:327,0
DA:330,0
DA:333,0
DA:335,0
DA:338,0
DA:341,0
DA:344,0
DA:348,0
DA:352,0
DA:354,0
DA:357,0
DA:360,0
DA:363,0
DA:366,0
DA:369,0
DA:372,0
DA:375,0
DA:378,0
DA:380,0
DA:383,0
DA:386,0
DA:389,0
DA:392,0
DA:395,0
DA:398,0
DA:401,0
DA:404,0
DA:406,0
DA:409,0
DA:411,0
DA:414,0
DA:416,0
DA:419,0
DA:423,0
DA:426,0
DA:428,0
DA:431,0
DA:434,0
DA:436,0
DA:439,0
DA:441,0
DA:444,0
DA:446,0
DA:449,0
DA:451,0
DA:454,0
DA:456,0
DA:459,0
DA:461,0
DA:464,0
DA:466,0
DA:469,0
DA:471,0
DA:474,0
DA:476,0
DA:479,0
DA:481,0
DA:484,0
DA:487,0
DA:490,0
DA:493,0
DA:495,0
DA:498,0
DA:501,0
DA:504,0
DA:507,0
DA:510,0
DA:513,0
DA:516,0
DA:519,0
DA:522,0
DA:524,0
DA:527,0
DA:529,0
DA:532,0
DA:534,0
DA:537,0
DA:539,0
DA:542,0
DA:545,0
DA:547,0
DA:550,0
DA:552,0
DA:555,0
DA:557,0
DA:560,0
DA:562,0
DA:565,0
DA:568,0
DA:572,0
DA:574,0
DA:577,0
DA:579,0
DA:582,0
DA:584,0
DA:587,0
DA:589,0
DA:592,0
DA:594,0
DA:597,0
DA:600,0
DA:603,0
DA:606,0
DA:608,0
DA:611,0
DA:613,0
DA:616,0
DA:619,0
DA:622,0
DA:625,0
DA:627,0
DA:630,0
DA:632,0
DA:635,0
DA:637,0
DA:640,0
DA:643,0
DA:646,0
DA:649,0
DA:652,0
LF:225
LH:0
end_of_record
SF:lib/l10n/app_localizations_th.dart
DA:9,0
DA:11,0
DA:14,0
DA:17,0
DA:20,0
DA:23,0
DA:26,0
DA:29,0
DA:32,0
DA:35,0
DA:38,0
DA:41,0
DA:44,0
DA:47,0
DA:50,0
DA:53,0
DA:56,0
DA:59,0
DA:62,0
DA:65,0
DA:68,0
DA:71,0
DA:74,0
DA:77,0
DA:80,0
DA:82,0
DA:85,0
DA:88,0
DA:91,0
DA:94,0
DA:97,0
DA:100,0
DA:102,0
DA:105,0
DA:108,0
DA:111,0
DA:115,0
DA:118,0
DA:122,0
DA:125,0
DA:128,0
DA:131,0
DA:134,0
DA:138,0
DA:142,0
DA:145,0
DA:148,0
DA:151,0
DA:154,0
DA:157,0
DA:160,0
DA:163,0
DA:166,0
DA:169,0
DA:172,0
DA:175,0
DA:178,0
DA:181,0
DA:184,0
DA:187,0
DA:190,0
DA:193,0
DA:196,0
DA:199,0
DA:202,0
DA:205,0
DA:207,0
DA:210,0
DA:213,0
DA:217,0
DA:220,0
DA:223,0
DA:226,0
DA:229,0
DA:233,0
DA:235,0
DA:238,0
DA:241,0
DA:244,0
DA:247,0
DA:250,0
DA:253,0
DA:256,0
DA:259,0
DA:262,0
DA:265,0
DA:268,0
DA:271,0
DA:273,0
DA:276,0
DA:279,0
DA:283,0
DA:285,0
DA:288,0
DA:291,0
DA:295,0
DA:298,0
DA:301,0
DA:305,0
DA:308,0
DA:311,0
DA:315,0
DA:317,0
DA:320,0
DA:323,0
DA:327,0
DA:330,0
DA:333,0
DA:335,0
DA:338,0
DA:341,0
DA:344,0
DA:348,0
DA:352,0
DA:354,0
DA:357,0
DA:360,0
DA:363,0
DA:366,0
DA:369,0
DA:372,0
DA:375,0
DA:378,0
DA:380,0
DA:383,0
DA:386,0
DA:389,0
DA:392,0
DA:395,0
DA:398,0
DA:401,0
DA:404,0
DA:406,0
DA:409,0
DA:411,0
DA:414,0
DA:416,0
DA:419,0
DA:423,0
DA:426,0
DA:428,0
DA:431,0
DA:434,0
DA:436,0
DA:439,0
DA:441,0
DA:444,0
DA:446,0
DA:449,0
DA:451,0
DA:454,0
DA:456,0
DA:459,0
DA:461,0
DA:464,0
DA:466,0
DA:469,0
DA:471,0
DA:474,0
DA:476,0
DA:479,0
DA:481,0
DA:484,0
DA:487,0
DA:490,0
DA:493,0
DA:495,0
DA:498,0
DA:501,0
DA:504,0
DA:507,0
DA:510,0
DA:513,0
DA:516,0
DA:519,0
DA:522,0
DA:524,0
DA:527,0
DA:529,0
DA:532,0
DA:534,0
DA:537,0
DA:539,0
DA:542,0
DA:545,0
DA:547,0
DA:550,0
DA:552,0
DA:555,0
DA:557,0
DA:560,0
DA:562,0
DA:565,0
DA:568,0
DA:572,0
DA:574,0
DA:577,0
DA:579,0
DA:582,0
DA:584,0
DA:587,0
DA:589,0
DA:592,0
DA:594,0
DA:597,0
DA:600,0
DA:603,0
DA:606,0
DA:608,0
DA:611,0
DA:613,0
DA:616,0
DA:619,0
DA:622,0
DA:625,0
DA:627,0
DA:630,0
DA:632,0
DA:635,0
DA:637,0
DA:640,0
DA:643,0
DA:646,0
DA:649,0
DA:652,0
LF:225
LH:0
end_of_record
SF:lib/l10n/app_localizations_tr.dart
DA:9,0
DA:11,0
DA:14,0
DA:17,0
DA:20,0
DA:23,0
DA:26,0
DA:29,0
DA:32,0
DA:35,0
DA:38,0
DA:41,0
DA:44,0
DA:47,0
DA:50,0
DA:53,0
DA:56,0
DA:59,0
DA:62,0
DA:65,0
DA:68,0
DA:71,0
DA:74,0
DA:77,0
DA:80,0
DA:82,0
DA:85,0
DA:88,0
DA:91,0
DA:94,0
DA:97,0
DA:100,0
DA:102,0
DA:105,0
DA:108,0
DA:111,0
DA:115,0
DA:118,0
DA:122,0
DA:125,0
DA:128,0
DA:131,0
DA:134,0
DA:138,0
DA:142,0
DA:145,0
DA:148,0
DA:151,0
DA:154,0
DA:157,0
DA:160,0
DA:163,0
DA:166,0
DA:169,0
DA:172,0
DA:175,0
DA:178,0
DA:181,0
DA:184,0
DA:187,0
DA:190,0
DA:193,0
DA:196,0
DA:199,0
DA:202,0
DA:205,0
DA:207,0
DA:210,0
DA:213,0
DA:217,0
DA:220,0
DA:223,0
DA:226,0
DA:229,0
DA:233,0
DA:235,0
DA:238,0
DA:241,0
DA:244,0
DA:247,0
DA:250,0
DA:253,0
DA:256,0
DA:259,0
DA:262,0
DA:265,0
DA:268,0
DA:271,0
DA:273,0
DA:276,0
DA:279,0
DA:283,0
DA:285,0
DA:288,0
DA:291,0
DA:295,0
DA:298,0
DA:301,0
DA:305,0
DA:308,0
DA:311,0
DA:315,0
DA:317,0
DA:320,0
DA:323,0
DA:327,0
DA:330,0
DA:333,0
DA:335,0
DA:338,0
DA:341,0
DA:344,0
DA:348,0
DA:352,0
DA:354,0
DA:357,0
DA:360,0
DA:363,0
DA:366,0
DA:369,0
DA:372,0
DA:375,0
DA:378,0
DA:380,0
DA:383,0
DA:386,0
DA:389,0
DA:392,0
DA:395,0
DA:398,0
DA:401,0
DA:404,0
DA:406,0
DA:409,0
DA:411,0
DA:414,0
DA:416,0
DA:419,0
DA:423,0
DA:426,0
DA:428,0
DA:431,0
DA:434,0
DA:436,0
DA:439,0
DA:441,0
DA:444,0
DA:446,0
DA:449,0
DA:451,0
DA:454,0
DA:456,0
DA:459,0
DA:461,0
DA:464,0
DA:466,0
DA:469,0
DA:471,0
DA:474,0
DA:476,0
DA:479,0
DA:481,0
DA:484,0
DA:487,0
DA:490,0
DA:493,0
DA:495,0
DA:498,0
DA:501,0
DA:504,0
DA:507,0
DA:510,0
DA:513,0
DA:516,0
DA:519,0
DA:522,0
DA:524,0
DA:527,0
DA:529,0
DA:532,0
DA:534,0
DA:537,0
DA:539,0
DA:542,0
DA:545,0
DA:547,0
DA:550,0
DA:552,0
DA:555,0
DA:557,0
DA:560,0
DA:562,0
DA:565,0
DA:568,0
DA:572,0
DA:574,0
DA:577,0
DA:579,0
DA:582,0
DA:584,0
DA:587,0
DA:589,0
DA:592,0
DA:594,0
DA:597,0
DA:600,0
DA:603,0
DA:606,0
DA:608,0
DA:611,0
DA:613,0
DA:616,0
DA:619,0
DA:622,0
DA:625,0
DA:627,0
DA:630,0
DA:632,0
DA:635,0
DA:637,0
DA:640,0
DA:643,0
DA:646,0
DA:649,0
DA:652,0
LF:225
LH:0
end_of_record
SF:lib/l10n/app_localizations_uk.dart
DA:9,0
DA:11,0
DA:14,0
DA:17,0
DA:20,0
DA:23,0
DA:26,0
DA:29,0
DA:32,0
DA:35,0
DA:38,0
DA:41,0
DA:44,0
DA:47,0
DA:50,0
DA:53,0
DA:56,0
DA:59,0
DA:62,0
DA:65,0
DA:68,0
DA:71,0
DA:74,0
DA:77,0
DA:80,0
DA:82,0
DA:85,0
DA:88,0
DA:91,0
DA:94,0
DA:97,0
DA:100,0
DA:102,0
DA:105,0
DA:108,0
DA:111,0
DA:115,0
DA:118,0
DA:122,0
DA:125,0
DA:128,0
DA:131,0
DA:134,0
DA:138,0
DA:142,0
DA:145,0
DA:148,0
DA:151,0
DA:154,0
DA:157,0
DA:160,0
DA:163,0
DA:166,0
DA:169,0
DA:172,0
DA:175,0
DA:178,0
DA:181,0
DA:184,0
DA:187,0
DA:190,0
DA:193,0
DA:196,0
DA:199,0
DA:202,0
DA:205,0
DA:207,0
DA:210,0
DA:213,0
DA:217,0
DA:220,0
DA:223,0
DA:226,0
DA:229,0
DA:233,0
DA:235,0
DA:238,0
DA:241,0
DA:244,0
DA:247,0
DA:250,0
DA:253,0
DA:256,0
DA:259,0
DA:262,0
DA:265,0
DA:268,0
DA:271,0
DA:273,0
DA:276,0
DA:279,0
DA:283,0
DA:285,0
DA:288,0
DA:291,0
DA:295,0
DA:298,0
DA:301,0
DA:305,0
DA:308,0
DA:311,0
DA:315,0
DA:317,0
DA:320,0
DA:323,0
DA:327,0
DA:330,0
DA:333,0
DA:335,0
DA:338,0
DA:341,0
DA:344,0
DA:348,0
DA:352,0
DA:354,0
DA:357,0
DA:360,0
DA:363,0
DA:366,0
DA:369,0
DA:372,0
DA:375,0
DA:378,0
DA:380,0
DA:383,0
DA:386,0
DA:389,0
DA:392,0
DA:395,0
DA:398,0
DA:401,0
DA:404,0
DA:406,0
DA:409,0
DA:411,0
DA:414,0
DA:416,0
DA:419,0
DA:423,0
DA:426,0
DA:428,0
DA:431,0
DA:434,0
DA:436,0
DA:439,0
DA:441,0
DA:444,0
DA:446,0
DA:449,0
DA:451,0
DA:454,0
DA:456,0
DA:459,0
DA:461,0
DA:464,0
DA:466,0
DA:469,0
DA:471,0
DA:474,0
DA:476,0
DA:479,0
DA:481,0
DA:484,0
DA:487,0
DA:490,0
DA:493,0
DA:495,0
DA:498,0
DA:501,0
DA:504,0
DA:507,0
DA:510,0
DA:513,0
DA:516,0
DA:519,0
DA:522,0
DA:524,0
DA:527,0
DA:529,0
DA:532,0
DA:534,0
DA:537,0
DA:539,0
DA:542,0
DA:545,0
DA:547,0
DA:550,0
DA:552,0
DA:555,0
DA:557,0
DA:560,0
DA:562,0
DA:565,0
DA:568,0
DA:572,0
DA:574,0
DA:577,0
DA:579,0
DA:582,0
DA:584,0
DA:587,0
DA:589,0
DA:592,0
DA:594,0
DA:597,0
DA:600,0
DA:603,0
DA:606,0
DA:608,0
DA:611,0
DA:613,0
DA:616,0
DA:619,0
DA:622,0
DA:625,0
DA:627,0
DA:630,0
DA:632,0
DA:635,0
DA:637,0
DA:640,0
DA:643,0
DA:646,0
DA:649,0
DA:652,0
LF:225
LH:0
end_of_record
SF:lib/l10n/app_localizations_vi.dart
DA:9,0
DA:11,0
DA:14,0
DA:17,0
DA:20,0
DA:23,0
DA:26,0
DA:29,0
DA:32,0
DA:35,0
DA:38,0
DA:41,0
DA:44,0
DA:47,0
DA:50,0
DA:53,0
DA:56,0
DA:59,0
DA:62,0
DA:65,0
DA:68,0
DA:71,0
DA:74,0
DA:77,0
DA:80,0
DA:82,0
DA:85,0
DA:88,0
DA:91,0
DA:94,0
DA:97,0
DA:100,0
DA:102,0
DA:105,0
DA:108,0
DA:111,0
DA:115,0
DA:118,0
DA:122,0
DA:125,0
DA:128,0
DA:131,0
DA:134,0
DA:138,0
DA:142,0
DA:145,0
DA:148,0
DA:151,0
DA:154,0
DA:157,0
DA:160,0
DA:163,0
DA:166,0
DA:169,0
DA:172,0
DA:175,0
DA:178,0
DA:181,0
DA:184,0
DA:187,0
DA:190,0
DA:193,0
DA:196,0
DA:199,0
DA:202,0
DA:205,0
DA:207,0
DA:210,0
DA:213,0
DA:217,0
DA:220,0
DA:223,0
DA:226,0
DA:229,0
DA:233,0
DA:235,0
DA:238,0
DA:241,0
DA:244,0
DA:247,0
DA:250,0
DA:253,0
DA:256,0
DA:259,0
DA:262,0
DA:265,0
DA:268,0
DA:271,0
DA:273,0
DA:276,0
DA:279,0
DA:283,0
DA:285,0
DA:288,0
DA:291,0
DA:295,0
DA:298,0
DA:301,0
DA:305,0
DA:308,0
DA:311,0
DA:315,0
DA:317,0
DA:320,0
DA:323,0
DA:327,0
DA:330,0
DA:333,0
DA:335,0
DA:338,0
DA:341,0
DA:344,0
DA:348,0
DA:352,0
DA:354,0
DA:357,0
DA:360,0
DA:363,0
DA:366,0
DA:369,0
DA:372,0
DA:375,0
DA:378,0
DA:380,0
DA:383,0
DA:386,0
DA:389,0
DA:392,0
DA:395,0
DA:398,0
DA:401,0
DA:404,0
DA:406,0
DA:409,0
DA:411,0
DA:414,0
DA:416,0
DA:419,0
DA:423,0
DA:426,0
DA:428,0
DA:431,0
DA:434,0
DA:436,0
DA:439,0
DA:441,0
DA:444,0
DA:446,0
DA:449,0
DA:451,0
DA:454,0
DA:456,0
DA:459,0
DA:461,0
DA:464,0
DA:466,0
DA:469,0
DA:471,0
DA:474,0
DA:476,0
DA:479,0
DA:481,0
DA:484,0
DA:487,0
DA:490,0
DA:493,0
DA:495,0
DA:498,0
DA:501,0
DA:504,0
DA:507,0
DA:510,0
DA:513,0
DA:516,0
DA:519,0
DA:522,0
DA:524,0
DA:527,0
DA:529,0
DA:532,0
DA:534,0
DA:537,0
DA:539,0
DA:542,0
DA:545,0
DA:547,0
DA:550,0
DA:552,0
DA:555,0
DA:557,0
DA:560,0
DA:562,0
DA:565,0
DA:568,0
DA:572,0
DA:574,0
DA:577,0
DA:579,0
DA:582,0
DA:584,0
DA:587,0
DA:589,0
DA:592,0
DA:594,0
DA:597,0
DA:600,0
DA:603,0
DA:606,0
DA:608,0
DA:611,0
DA:613,0
DA:616,0
DA:619,0
DA:622,0
DA:625,0
DA:627,0
DA:630,0
DA:632,0
DA:635,0
DA:637,0
DA:640,0
DA:643,0
DA:646,0
DA:649,0
DA:652,0
LF:225
LH:0
end_of_record
SF:lib/l10n/app_localizations_zh.dart
DA:9,0
DA:11,0
DA:14,0
DA:17,0
DA:20,0
DA:23,0
DA:26,0
DA:29,0
DA:32,0
DA:35,0
DA:38,0
DA:41,0
DA:44,0
DA:47,0
DA:50,0
DA:53,0
DA:56,0
DA:59,0
DA:62,0
DA:65,0
DA:68,0
DA:71,0
DA:74,0
DA:77,0
DA:80,0
DA:82,0
DA:85,0
DA:88,0
DA:91,0
DA:94,0
DA:97,0
DA:100,0
DA:102,0
DA:105,0
DA:108,0
DA:111,0
DA:115,0
DA:118,0
DA:122,0
DA:125,0
DA:128,0
DA:131,0
DA:134,0
DA:138,0
DA:142,0
DA:145,0
DA:148,0
DA:151,0
DA:154,0
DA:157,0
DA:160,0
DA:163,0
DA:166,0
DA:169,0
DA:172,0
DA:175,0
DA:178,0
DA:181,0
DA:184,0
DA:187,0
DA:190,0
DA:193,0
DA:196,0
DA:199,0
DA:202,0
DA:205,0
DA:207,0
DA:210,0
DA:213,0
DA:217,0
DA:220,0
DA:223,0
DA:226,0
DA:229,0
DA:233,0
DA:235,0
DA:238,0
DA:241,0
DA:244,0
DA:247,0
DA:250,0
DA:253,0
DA:256,0
DA:259,0
DA:262,0
DA:265,0
DA:268,0
DA:271,0
DA:273,0
DA:276,0
DA:279,0
DA:283,0
DA:285,0
DA:288,0
DA:291,0
DA:295,0
DA:298,0
DA:301,0
DA:305,0
DA:308,0
DA:311,0
DA:315,0
DA:317,0
DA:320,0
DA:323,0
DA:327,0
DA:330,0
DA:333,0
DA:335,0
DA:338,0
DA:341,0
DA:344,0
DA:348,0
DA:352,0
DA:354,0
DA:357,0
DA:360,0
DA:363,0
DA:366,0
DA:369,0
DA:372,0
DA:375,0
DA:378,0
DA:380,0
DA:383,0
DA:386,0
DA:389,0
DA:392,0
DA:395,0
DA:398,0
DA:401,0
DA:404,0
DA:406,0
DA:409,0
DA:411,0
DA:414,0
DA:416,0
DA:419,0
DA:423,0
DA:426,0
DA:428,0
DA:431,0
DA:434,0
DA:436,0
DA:439,0
DA:441,0
DA:444,0
DA:446,0
DA:449,0
DA:451,0
DA:454,0
DA:456,0
DA:459,0
DA:461,0
DA:464,0
DA:466,0
DA:469,0
DA:471,0
DA:474,0
DA:476,0
DA:479,0
DA:481,0
DA:484,0
DA:487,0
DA:490,0
DA:493,0
DA:495,0
DA:498,0
DA:501,0
DA:504,0
DA:507,0
DA:510,0
DA:513,0
DA:516,0
DA:519,0
DA:522,0
DA:524,0
DA:527,0
DA:529,0
DA:532,0
DA:534,0
DA:537,0
DA:539,0
DA:542,0
DA:545,0
DA:547,0
DA:550,0
DA:552,0
DA:555,0
DA:557,0
DA:560,0
DA:562,0
DA:565,0
DA:568,0
DA:572,0
DA:574,0
DA:577,0
DA:579,0
DA:582,0
DA:584,0
DA:587,0
DA:589,0
DA:592,0
DA:594,0
DA:597,0
DA:600,0
DA:603,0
DA:606,0
DA:608,0
DA:611,0
DA:613,0
DA:616,0
DA:619,0
DA:622,0
DA:625,0
DA:627,0
DA:630,0
DA:632,0
DA:635,0
DA:637,0
DA:640,0
DA:643,0
DA:646,0
DA:649,0
DA:652,0
LF:225
LH:0
end_of_record
SF:lib/models/admin_user.dart
DA:12,0
DA:19,0
DA:20,0
DA:22,0
LF:4
LH:0
end_of_record
SF:lib/models/admin_user.g.dart
DA:9,0
DA:10,0
DA:11,0
DA:12,0
DA:13,0
DA:16,0
DA:17,0
DA:18,0
DA:19,0
DA:20,0
LF:10
LH:0
end_of_record
SF:lib/models/analytics.dart
DA:11,0
DA:17,0
DA:18,0
DA:20,0
LF:4
LH:0
end_of_record
SF:lib/models/analytics.g.dart
DA:9,0
DA:10,0
DA:11,0
DA:12,0
DA:15,0
DA:16,0
DA:17,0
DA:18,0
LF:8
LH:0
end_of_record
SF:lib/models/organization.dart
DA:11,0
DA:17,0
DA:18,0
DA:20,0
LF:4
LH:0
end_of_record
SF:lib/models/organization.g.dart
DA:9,0
DA:10,0
DA:11,0
DA:13,0
DA:16,0
DA:17,0
DA:18,0
DA:19,0
DA:20,0
LF:9
LH:0
end_of_record
SF:lib/models/user_profile.dart
DA:12,1
DA:19,1
DA:20,1
DA:22,2
LF:4
LH:4
end_of_record
SF:lib/models/user_profile.g.dart
DA:9,2
DA:10,1
DA:11,1
DA:12,1
DA:13,1
DA:16,1
DA:17,1
DA:18,1
DA:19,1
DA:20,1
DA:21,1
LF:11
LH:11
end_of_record
SF:lib/services/admin_service.dart
DA:10,1
DA:11,0
DA:13,0
DA:14,0
DA:15,0
DA:18,0
DA:19,0
DA:20,0
DA:23,0
DA:24,0
DA:25,0
DA:28,0
DA:29,0
LF:13
LH:1
end_of_record
SF:lib/main.dart
DA:12,0
DA:13,0
DA:16,0
DA:17,0
DA:21,0
DA:24,0
DA:25,0
DA:27,0
DA:28,0
DA:29,0
DA:34,0
DA:35,0
DA:41,0
DA:43,0
DA:44,0
DA:50,0
DA:52,0
DA:54,0
DA:57,0
DA:59,0
DA:60,0
DA:63,0
DA:65,0
DA:67,0
DA:68,0
DA:70,0
DA:72,0
DA:73,0
DA:76,0
LF:29
LH:0
end_of_record
SF:lib/config/routes.dart
DA:16,0
DA:17,0
DA:18,0
DA:19,0
DA:20,0
DA:23,0
DA:24,0
DA:25,0
DA:28,0
DA:29,0
DA:30,0
DA:33,0
DA:34,0
DA:35,0
DA:38,0
DA:39,0
DA:40,0
DA:43,0
DA:44,0
DA:45,0
DA:48,0
DA:49,0
DA:50,0
DA:51,0
DA:54,0
DA:55,0
DA:56,0
DA:60,0
DA:61,0
DA:62,0
DA:63,0
DA:64,0
DA:65,0
DA:66,0
DA:67,0
DA:71,0
DA:72,0
DA:73,0
DA:74,0
DA:77,0
DA:78,0
DA:79,0
DA:83,0
DA:84,0
DA:85,0
DA:86,0
DA:101,0
DA:107,0
DA:109,0
DA:111,0
DA:112,0
DA:115,0
DA:117,0
DA:119,0
DA:120,0
DA:121,0
DA:122,0
DA:123,0
DA:124,0
DA:125,0
DA:129,0
DA:130,0
DA:131,0
LF:63
LH:0
end_of_record
SF:lib/features/studio/studio_booking_screen.dart
DA:13,0
DA:21,1
DA:23,0
DA:25,0
DA:33,0
DA:34,0
DA:35,0
DA:36,0
DA:37,0
DA:41,0
DA:42,0
DA:43,0
DA:44,0
DA:45,0
DA:46,0
DA:49,0
DA:50,0
DA:51,0
DA:56,0
DA:58,0
DA:59,0
DA:61,0
DA:62,0
DA:63,0
DA:64,0
DA:68,0
DA:69,0
DA:70,0
DA:72,0
DA:74,0
DA:75,0
DA:76,0
DA:77,0
DA:79,0
DA:80,0
DA:81,0
DA:82,0
DA:86,0
DA:88,0
DA:90,0
DA:92,0
DA:93,0
DA:96,0
DA:97,0
DA:99,0
DA:101,0
DA:105,0
DA:106,0
DA:107,0
DA:108,0
DA:111,0
DA:113,0
DA:114,0
DA:115,0
DA:116,0
DA:117,0
DA:119,0
DA:120,0
DA:121,0
DA:125,0
DA:128,0
DA:129,0
DA:131,0
DA:132,0
DA:133,0
DA:134,0
DA:135,0
DA:136,0
DA:137,0
DA:138,0
DA:139,0
DA:140,0
DA:142,0
LF:73
LH:1
end_of_record
SF:lib/features/studio/studio_booking_confirm_screen.dart
DA:6,1
DA:8,0
DA:11,0
DA:12,0
DA:13,0
DA:14,0
DA:16,0
DA:18,0
DA:19,0
DA:20,0
DA:21,0
DA:23,0
DA:24,0
LF:13
LH:1
end_of_record
SF:lib/features/family/widgets/invitation_modal.dart
DA:7,1
DA:9,0
DA:10,0
DA:17,0
DA:19,0
DA:20,0
DA:23,0
DA:24,0
DA:25,0
DA:31,0
DA:32,0
DA:36,0
DA:37,0
DA:40,0
DA:43,0
DA:44,0
DA:46,0
DA:47,0
DA:48,0
DA:53,0
DA:54,0
DA:55,0
DA:59,0
DA:60,0
DA:61,0
DA:67,0
DA:69,0
DA:71,0
DA:72,0
DA:79,0
DA:80,0
DA:81,0
DA:84,0
DA:85,0
DA:86,0
LF:35
LH:1
end_of_record
SF:lib/features/family/screens/family_dashboard_screen.dart
DA:11,1
DA:13,0
DA:15,0
DA:16,0
DA:18,0
DA:19,0
DA:21,0
DA:22,0
DA:26,0
DA:27,0
DA:29,0
DA:30,0
DA:31,0
DA:32,0
DA:33,0
DA:35,0
DA:36,0
DA:40,0
DA:41,0
DA:42,0
DA:43,0
DA:45,0
DA:47,0
DA:48,0
DA:49,0
DA:51,0
DA:58,0
DA:61,0
DA:62,0
DA:67,0
DA:73,0
DA:75,0
DA:76,0
DA:78,0
DA:80,0
DA:81,0
DA:83,0
DA:84,0
DA:85,0
DA:91,0
DA:92,0
DA:93,0
DA:95,0
DA:100,0
DA:101,0
DA:102,0
DA:103,0
DA:104,0
DA:105,0
DA:109,0
DA:110,0
DA:111,0
DA:113,0
DA:114,0
DA:115,0
DA:117,0
DA:118,0
DA:120,0
DA:121,0
DA:123,0
DA:124,0
DA:125,0
DA:126,0
DA:128,0
DA:129,0
DA:142,0
DA:143,0
DA:153,0
DA:158,0
DA:160,0
DA:162,0
DA:163,0
DA:164,0
DA:165,0
DA:168,0
DA:169,0
DA:170,0
DA:172,0
DA:173,0
DA:175,0
DA:178,0
DA:180,0
DA:189,0
DA:194,0
DA:196,0
DA:198,0
DA:199,0
DA:200,0
DA:201,0
DA:204,0
DA:205,0
DA:206,0
DA:207,0
DA:208,0
DA:209,0
DA:210,0
DA:211,0
DA:213,0
DA:215,0
DA:217,0
DA:225,0
DA:227,0
DA:229,0
DA:230,0
DA:231,0
DA:232,0
DA:235,0
DA:236,0
DA:237,0
DA:238,0
DA:240,0
DA:242,0
DA:243,0
DA:245,0
DA:246,0
DA:247,0
DA:248,0
DA:250,0
DA:255,0
DA:256,0
DA:259,0
DA:264,0
DA:268,0
DA:269,0
DA:270,0
DA:271,0
DA:272,0
DA:276,0
DA:277,0
DA:278,0
DA:284,0
DA:289,0
DA:291,0
DA:293,0
DA:294,0
DA:295,0
DA:296,0
DA:297,0
DA:298,0
DA:299,0
DA:301,0
DA:302,0
DA:303,0
DA:306,0
DA:307,0
DA:308,0
DA:309,0
DA:310,0
DA:314,0
DA:315,0
DA:316,0
DA:317,0
DA:322,0
DA:329,0
DA:336,0
DA:337,0
DA:342,0
DA:343,0
DA:348,0
DA:353,0
DA:355,0
DA:356,0
DA:358,0
DA:360,0
DA:361,0
DA:369,0
DA:370,0
DA:381,0
DA:383,0
DA:384,0
DA:385,0
DA:387,0
DA:388,0
DA:389,0
DA:398,0
DA:400,0
DA:402,0
DA:404,0
DA:406,0
DA:407,0
DA:408,0
DA:409,0
DA:411,0
DA:412,0
DA:414,0
DA:417,0
DA:419,0
DA:429,0
DA:431,0
DA:435,0
DA:436,0
DA:438,0
DA:439,0
DA:440,0
DA:441,0
DA:442,0
DA:443,0
DA:449,0
DA:451,0
DA:452,0
DA:453,0
DA:455,0
DA:463,0
DA:465,0
DA:467,0
DA:469,0
DA:470,0
DA:471,0
DA:472,0
DA:473,0
DA:474,0
DA:475,0
DA:477,0
DA:478,0
DA:479,0
DA:482,0
DA:483,0
DA:485,0
DA:486,0
DA:487,0
DA:488,0
DA:496,0
DA:497,0
DA:499,0
DA:500,0
DA:501,0
DA:502,0
DA:509,0
LF:228
LH:1
end_of_record
SF:lib/features/family/screens/invite_child_screen.dart
DA:9,1
DA:11,0
DA:12,0
DA:18,0
DA:20,0
DA:21,0
DA:24,0
DA:25,0
DA:26,0
DA:27,0
DA:28,0
DA:30,0
DA:31,0
DA:32,0
DA:33,0
DA:39,0
DA:41,0
DA:43,0
DA:44,0
DA:45,0
DA:49,0
DA:51,0
DA:52,0
DA:53,0
DA:55,0
DA:56,0
DA:57,0
DA:58,0
DA:63,0
DA:64,0
LF:30
LH:1
end_of_record
SF:lib/features/family/screens/permissions_screen.dart
DA:10,0
DA:13,0
DA:15,0
DA:17,0
DA:19,0
DA:20,0
DA:21,0
DA:23,0
DA:24,0
DA:25,0
DA:26,0
DA:27,0
DA:33,0
DA:38,0
DA:40,0
DA:41,0
DA:42,0
DA:43,0
DA:45,0
DA:46,0
DA:47,0
DA:48,0
DA:50,0
DA:51,0
DA:52,0
DA:59,0
DA:64,0
DA:65,0
DA:66,0
DA:68,0
DA:79,0
DA:81,0
DA:83,0
DA:85,0
DA:92,0
DA:94,0
DA:96,0
DA:98,0
DA:105,0
DA:107,0
DA:109,0
DA:111,0
DA:113,0
DA:115,0
DA:122,0
DA:124,0
DA:126,0
DA:128,0
DA:130,0
DA:132,0
DA:139,0
DA:147,0
DA:148,0
DA:149,0
DA:150,0
DA:155,0
DA:156,0
DA:157,0
DA:158,0
DA:161,0
DA:162,0
DA:163,0
DA:165,0
DA:172,0
DA:174,0
DA:175,0
DA:176,0
DA:177,0
LF:68
LH:0
end_of_record
SF:lib/features/invite/invite_detail_screen.dart
DA:11,0
DA:13,0
DA:15,0
DA:17,0
DA:18,0
DA:19,0
DA:21,0
DA:23,0
DA:24,0
DA:25,0
DA:26,0
DA:27,0
DA:29,0
DA:30,0
DA:31,0
DA:32,0
DA:33,0
DA:34,0
DA:36,0
DA:37,0
DA:38,0
DA:39,0
DA:42,0
DA:43,0
DA:47,0
DA:51,0
DA:52,0
DA:53,0
DA:54,0
DA:56,0
DA:57,0
DA:58,0
DA:59,0
DA:62,0
DA:63,0
DA:67,0
LF:36
LH:0
end_of_record
SF:lib/features/booking/booking_confirm_screen.dart
DA:16,1
DA:18,0
DA:20,0
DA:29,0
DA:30,0
DA:31,0
DA:32,0
DA:35,0
DA:37,0
DA:41,0
DA:45,0
DA:48,0
DA:49,0
DA:50,0
DA:51,0
DA:52,0
DA:53,0
DA:55,0
DA:57,0
DA:58,0
DA:60,0
DA:61,0
DA:63,0
DA:64,0
DA:66,0
DA:67,0
DA:69,0
DA:71,0
DA:72,0
DA:74,0
DA:75,0
DA:85,0
DA:86,0
DA:89,0
DA:90,0
DA:100,0
DA:101,0
DA:103,0
DA:104,0
DA:106,0
DA:109,0
DA:110,0
DA:111,0
DA:112,0
DA:113,0
DA:114,0
DA:117,0
DA:118,0
DA:119,0
DA:120,0
DA:121,0
DA:123,0
DA:128,0
DA:129,0
DA:132,0
DA:133,0
DA:134,0
DA:135,0
DA:137,0
DA:138,0
DA:139,0
DA:140,0
DA:142,0
DA:143,0
DA:144,0
DA:145,0
DA:150,0
DA:151,0
DA:160,0
DA:171,0
DA:172,0
LF:71
LH:1
end_of_record
SF:lib/config/theme.dart
DA:4,0
DA:6,0
DA:12,0
DA:14,0
LF:4
LH:0
end_of_record
SF:lib/providers/appointment_provider.dart
DA:7,0
DA:8,0
DA:10,0
DA:11,0
DA:12,0
DA:13,0
DA:15,0
DA:17,0
DA:19,0
DA:20,0
LF:10
LH:0
end_of_record
SF:lib/providers/calendar_provider.dart
DA:7,0
DA:9,0
DA:10,0
DA:11,0
DA:12,0
DA:14,0
DA:16,0
DA:17,0
DA:21,0
DA:22,0
DA:23,0
DA:24,0
DA:26,0
DA:28,0
DA:29,0
LF:15
LH:0
end_of_record
SF:lib/providers/notification_provider.dart
DA:6,0
DA:7,0
DA:9,0
DA:10,0
DA:12,0
DA:13,0
LF:6
LH:0
end_of_record
SF:lib/providers/user_subscription_provider.dart
DA:5,0
DA:6,0
DA:8,0
DA:9,0
LF:4
LH:0
end_of_record
SF:lib/services/ad_service.dart
DA:8,0
DA:9,0
DA:10,0
DA:12,0
DA:15,0
DA:16,0
DA:17,0
DA:18,0
DA:19,0
DA:20,0
DA:22,0
DA:23,0
DA:24,0
DA:27,0
DA:29,0
DA:30,0
DA:35,0
LF:17
LH:0
end_of_record
SF:lib/widgets/whatsapp_share_button.dart
DA:14,0
DA:21,0
DA:23,0
DA:25,0
DA:27,0
DA:29,0
DA:31,0
DA:32,0
DA:35,0
DA:39,0
DA:40,0
DA:46,0
DA:47,0
DA:49,0
DA:50,0
DA:51,0
DA:52,0
DA:53,0
DA:54,0
DA:67,0
DA:74,0
DA:76,0
DA:78,0
DA:86,0
DA:88,0
DA:89,0
DA:90,0
DA:93,0
DA:95,0
DA:96,0
DA:97,0
DA:100,0
DA:102,0
DA:103,0
DA:105,0
DA:106,0
DA:107,0
DA:110,0
DA:113,0
DA:114,0
DA:117,0
DA:118,0
DA:119,0
DA:123,0
DA:124,0
DA:126,0
DA:129,0
DA:133,0
DA:139,0
DA:140,0
DA:141,0
DA:142,0
DA:143,0
DA:144,0
DA:150,0
DA:152,0
DA:153,0
DA:154,0
DA:155,0
DA:157,0
DA:161,0
DA:162,0
DA:164,0
DA:165,0
DA:166,0
DA:167,0
DA:169,0
DA:170,0
DA:173,0
DA:174,0
DA:184,0
DA:186,0
DA:188,0
DA:189,0
DA:190,0
DA:191,0
DA:193,0
DA:194,0
DA:197,0
DA:198,0
DA:199,0
DA:210,0
DA:211,0
DA:212,0
DA:213,0
DA:215,0
DA:216,0
DA:217,0
DA:224,0
DA:225,0
DA:234,0
DA:235,0
DA:236,0
DA:238,0
DA:239,0
DA:240,0
DA:241,0
DA:242,0
DA:243,0
DA:247,0
DA:248,0
DA:249,0
DA:250,0
DA:252,0
DA:256,0
DA:257,0
DA:258,0
DA:260,0
DA:261,0
DA:262,0
LF:110
LH:0
end_of_record
SF:lib/features/booking/models/booking_request_args.dart
DA:5,0
LF:1
LH:0
end_of_record
SF:lib/providers/user_profile_provider.dart
DA:7,0
DA:8,0
DA:10,0
DA:11,0
DA:12,0
DA:13,0
DA:17,0
DA:19,0
DA:20,0
DA:24,0
DA:25,0
DA:26,0
LF:12
LH:0
end_of_record
SF:lib/features/family/widgets/otp_entry_modal.dart
DA:8,0
DA:10,0
DA:12,0
DA:13,0
DA:19,0
DA:21,0
DA:22,0
DA:25,0
DA:26,0
DA:27,0
DA:28,0
DA:29,0
DA:30,0
DA:31,0
DA:37,0
DA:39,0
DA:41,0
DA:43,0
DA:45,0
DA:46,0
DA:47,0
DA:50,0
DA:51,0
DA:52,0
DA:59,0
DA:60,0
DA:61,0
DA:63,0
DA:66,0
DA:67,0
LF:30
LH:0
end_of_record
SF:lib/providers/invite_provider.dart
DA:7,0
DA:9,0
DA:10,0
DA:11,0
DA:12,0
DA:16,0
DA:18,0
DA:19,0
LF:8
LH:0
end_of_record
SF:lib/models/staff_member.dart
DA:13,0
DA:14,0
LF:2
LH:0
end_of_record
SF:lib/models/staff_member.g.dart
DA:9,0
DA:10,0
DA:11,0
DA:12,0
DA:13,0
DA:16,0
DA:17,0
DA:18,0
DA:19,0
DA:20,0
LF:10
LH:0
end_of_record
SF:lib/models/staff_availability.dart
DA:15,0
DA:16,0
LF:2
LH:0
end_of_record
SF:lib/models/staff_availability.g.dart
DA:9,0
DA:11,0
DA:12,0
DA:13,0
DA:14,0
DA:15,0
DA:16,0
DA:19,0
DA:21,0
DA:22,0
DA:23,0
DA:24,0
LF:12
LH:0
end_of_record
SF:lib/providers/studio_provider.dart
DA:7,0
DA:9,0
DA:10,0
DA:11,0
DA:14,0
DA:15,0
DA:16,0
DA:18,0
DA:19,0
LF:9
LH:0
end_of_record
SF:lib/firebase_options.dart
DA:18,0
DA:22,0
DA:23,0
DA:25,0
DA:26,0
DA:30,0
DA:31,0
DA:35,0
DA:36,0
DA:40,0
DA:41,0
DA:46,0
LF:12
LH:0
end_of_record
SF:lib/models/calendar_event.dart
DA:19,0
DA:20,0
LF:2
LH:0
end_of_record
SF:lib/models/calendar_event.g.dart
DA:9,0
DA:10,0
DA:11,0
DA:12,0
DA:14,0
DA:15,0
DA:16,0
DA:17,0
DA:18,0
DA:21,0
DA:22,0
DA:23,0
DA:24,0
DA:25,0
DA:26,0
DA:27,0
DA:28,0
DA:29,0
LF:18
LH:0
end_of_record
SF:lib/models/notification_payload.dart
DA:7,0
DA:14,0
DA:15,0
DA:16,0
DA:17,0
DA:18,0
DA:19,0
LF:7
LH:0
end_of_record
SF:lib/services/appointment_service.dart
DA:10,0
DA:15,0
DA:16,0
DA:17,0
DA:23,0
DA:24,0
DA:29,0
DA:33,0
DA:34,0
DA:35,0
DA:36,0
DA:39,0
DA:43,0
DA:44,0
DA:49,0
DA:50,0
DA:51,0
DA:52,0
DA:53,0
DA:54,0
DA:55,0
DA:56,0
LF:22
LH:0
end_of_record
SF:lib/services/calendar_service.dart
DA:13,0
DA:14,0
DA:15,0
DA:16,0
DA:17,0
DA:18,0
DA:19,0
DA:20,0
DA:21,0
DA:24,0
DA:25,0
DA:26,0
DA:27,0
DA:28,0
DA:29,0
DA:30,0
DA:34,0
DA:35,0
DA:36,0
DA:37,0
DA:38,0
DA:39,0
DA:42,0
DA:43,0
DA:44,0
DA:45,0
DA:46,0
DA:47,0
DA:48,0
DA:52,0
DA:53,0
DA:54,0
DA:55,0
DA:56,0
DA:57,0
DA:60,0
DA:62,0
DA:63,0
DA:64,0
DA:65,0
DA:66,0
DA:67,0
DA:68,0
DA:69,0
DA:70,0
DA:71,0
DA:72,0
DA:75,0
DA:77,0
DA:78,0
DA:79,0
DA:80,0
DA:81,0
DA:82,0
DA:83,0
DA:84,0
DA:85,0
DA:86,0
DA:87,0
DA:90,0
DA:92,0
DA:93,0
DA:94,0
DA:95,0
DA:96,0
DA:97,0
DA:98,0
DA:99,0
DA:100,0
DA:103,0
DA:104,0
DA:107,0
DA:108,0
DA:109,0
DA:110,0
DA:111,0
DA:114,0
DA:115,0
DA:118,0
DA:119,0
DA:120,0
DA:121,0
DA:122,0
DA:125,0
DA:127,0
DA:128,0
DA:129,0
DA:130,0
DA:131,0
DA:133,0
DA:134,0
DA:135,0
LF:92
LH:0
end_of_record
SF:lib/services/invite_service.dart
DA:12,0
DA:14,0
DA:15,0
DA:16,0
DA:18,0
DA:23,0
DA:24,0
DA:25,0
DA:28,0
DA:30,0
DA:31,0
DA:32,0
DA:33,0
DA:34,0
DA:35,0
DA:36,0
DA:40,0
DA:41,0
DA:45,0
DA:46,0
DA:47,0
DA:48,0
DA:49,0
DA:50,0
LF:24
LH:0
end_of_record
SF:lib/services/notification_service.dart
DA:14,0
DA:15,0
DA:16,0
DA:17,0
DA:18,0
DA:21,0
DA:22,0
DA:23,0
DA:24,0
DA:25,0
DA:26,0
DA:28,0
DA:31,0
DA:34,0
DA:37,0
DA:39,0
DA:41,0
DA:42,0
DA:43,0
DA:46,0
DA:48,0
DA:49,0
DA:51,0
DA:55,0
DA:56,0
DA:57,0
LF:26
LH:0
end_of_record
SF:lib/services/studio_service.dart
DA:9,0
DA:10,0
DA:11,0
DA:14,0
DA:15,0
DA:16,0
DA:17,0
DA:18,0
DA:19,0
LF:9
LH:0
end_of_record
SF:lib/services/user_profile_service.dart
DA:10,0
DA:11,0
DA:12,0
DA:13,0
DA:16,0
DA:17,0
DA:19,0
DA:22,0
DA:23,0
DA:24,0
DA:25,0
DA:29,0
DA:30,0
LF:13
LH:0
end_of_record
SF:lib/providers/whatsapp_share_provider.dart
DA:6,0
DA:7,0
DA:11,0
DA:12,0
DA:13,0
DA:14,0
DA:19,0
DA:20,0
DA:21,0
DA:22,0
DA:23,0
DA:34,1
DA:41,0
DA:47,0
DA:48,0
DA:50,0
DA:51,0
DA:59,0
DA:61,0
DA:69,0
DA:72,0
DA:82,0
DA:87,0
DA:90,0
DA:92,0
DA:97,0
DA:104,0
DA:111,0
DA:115,0
DA:116,0
DA:119,0
DA:120,0
DA:124,0
DA:125,0
DA:126,0
LF:35
LH:1
end_of_record
